2025-12-06 17:14:53.610 [Thread-30] WARN  com.alibaba.nacos.common.notify.NotifyCenter - [NotifyCenter] Start destroying Publisher
2025-12-06 17:14:53.610 [Thread-3] WARN  c.alibaba.nacos.common.executor.ThreadPoolManager - [ThreadPoolManager] Start destroying ThreadPool
2025-12-06 17:14:53.610 [Thread-26] WARN  c.alibaba.nacos.common.http.HttpClientBeanHolder - [HttpClientBeanHolder] Start destroying common HttpClient
2025-12-06 17:14:53.639 [Thread-30] WARN  com.alibaba.nacos.common.notify.NotifyCenter - [NotifyCenter] Destruction of the end
2025-12-06 17:14:53.644 [Thread-3] WARN  c.alibaba.nacos.common.executor.ThreadPoolManager - [ThreadPoolManager] Destruction of the end
2025-12-06 17:14:53.656 [Thread-26] WARN  c.alibaba.nacos.common.http.HttpClientBeanHolder - [HttpClientBeanHolder] Destruction of the end
2025-12-06 17:14:53.695 [SpringApplicationShutdownHook] INFO  c.a.cloud.nacos.registry.NacosServiceRegistry - De-registering from Nacos Server now...
2025-12-06 17:14:53.747 [SpringApplicationShutdownHook] INFO  c.a.cloud.nacos.registry.NacosServiceRegistry - De-registration finished.
2025-12-06 17:47:47.501 [main] INFO  com.alibaba.nacos.client.logging.NacosLogging - Nacos Logging Adapter Builder: com.alibaba.nacos.logger.adapter.logback12.LogbackNacosLoggingAdapterBuilder
2025-12-06 17:47:47.504 [main] INFO  com.alibaba.nacos.client.logging.NacosLogging - Nacos Logging Adapter Builder: com.alibaba.nacos.logger.adapter.logback14.LogbackNacosLoggingAdapterBuilder
2025-12-06 17:47:47.504 [main] INFO  com.alibaba.nacos.client.logging.NacosLogging - Nacos Logging Adapter: com.alibaba.nacos.logger.adapter.logback14.LogbackNacosLoggingAdapter match ch.qos.logback.classic.Logger success.
2025-12-06 17:47:47.510 [main] INFO  com.alibaba.nacos.client.logging.NacosLogging - Nacos Logging Adapter Builder: com.alibaba.nacos.logger.adapter.log4j2.Log4j2NacosLoggingAdapterBuilder
2025-12-06 17:47:47.914 [main] INFO  c.p.xiaohashu.oss.biz.XiaohashuOssBizApplication - The following 1 profile is active: "dev"
2025-12-06 17:47:48.215 [main] INFO  o.springframework.cloud.context.scope.GenericScope - BeanFactory id=9b0b7068-af1c-362b-9ae0-5c079049cc42
2025-12-06 17:47:48.406 [main] INFO  o.s.boot.web.embedded.tomcat.TomcatWebServer - Tomcat initialized with port(s): 8081 (http)
2025-12-06 17:47:48.406 [main] INFO  org.apache.catalina.core.AprLifecycleListener - Loaded Apache Tomcat Native library [2.0.8] using APR version [1.7.4].
2025-12-06 17:47:48.409 [main] INFO  org.apache.catalina.core.AprLifecycleListener - OpenSSL successfully initialized [OpenSSL 3.0.14 4 Jun 2024]
2025-12-06 17:47:48.414 [main] INFO  org.apache.catalina.core.StandardService - Starting service [Tomcat]
2025-12-06 17:47:48.414 [main] INFO  org.apache.catalina.core.StandardEngine - Starting Servlet engine: [Apache Tomcat/10.1.5]
2025-12-06 17:47:48.476 [main] INFO  o.a.c.core.ContainerBase.[Tomcat].[localhost].[/] - Initializing Spring embedded WebApplicationContext
2025-12-06 17:47:48.477 [main] INFO  o.s.b.w.s.c.ServletWebServerApplicationContext - Root WebApplicationContext: initialization completed in 555 ms
2025-12-06 17:47:48.880 [main] INFO  c.a.n.p.auth.spi.client.ClientAuthPluginManager - [ClientAuthPluginManager] Load ClientAuthService com.alibaba.nacos.client.auth.impl.NacosClientAuthServiceImpl success.
2025-12-06 17:47:48.880 [main] INFO  c.a.n.p.auth.spi.client.ClientAuthPluginManager - [ClientAuthPluginManager] Load ClientAuthService com.alibaba.nacos.client.auth.ram.RamClientAuthServiceImpl success.
2025-12-06 17:47:49.189 [main] INFO  o.s.boot.web.embedded.tomcat.TomcatWebServer - Tomcat started on port(s): 8081 (http) with context path ''
2025-12-06 17:47:49.201 [main] INFO  c.a.n.p.auth.spi.client.ClientAuthPluginManager - [ClientAuthPluginManager] Load ClientAuthService com.alibaba.nacos.client.auth.impl.NacosClientAuthServiceImpl success.
2025-12-06 17:47:49.201 [main] INFO  c.a.n.p.auth.spi.client.ClientAuthPluginManager - [ClientAuthPluginManager] Load ClientAuthService com.alibaba.nacos.client.auth.ram.RamClientAuthServiceImpl success.
2025-12-06 17:47:49.640 [main] INFO  c.a.n.common.ability.AbstractAbilityControlManager - Ready to get current node abilities...
2025-12-06 17:47:49.641 [main] INFO  c.a.n.common.ability.AbstractAbilityControlManager - Ready to initialize current node abilities, support modes: [SDK_CLIENT]
2025-12-06 17:47:49.641 [main] INFO  c.a.n.common.ability.AbstractAbilityControlManager - Initialize current abilities finish...
2025-12-06 17:47:49.642 [main] INFO  c.a.n.c.ability.discover.NacosAbilityManagerHolder - [AbilityControlManager] Successfully initialize AbilityControlManager
2025-12-06 17:47:49.666 [main] INFO  c.a.cloud.nacos.registry.NacosServiceRegistry - nacos registry, DEFAULT_GROUP xiaohashu-oss 10.12.41.102:8081 register finished
2025-12-06 17:47:49.752 [main] INFO  c.p.xiaohashu.oss.biz.XiaohashuOssBizApplication - Started XiaohashuOssBizApplication in 2.685 seconds (process running for 3.017)
