2025-12-17 00:12:27.869 [main] INFO  com.alibaba.nacos.client.logging.NacosLogging - Nacos Logging Adapter Builder: com.alibaba.nacos.logger.adapter.logback12.LogbackNacosLoggingAdapterBuilder
2025-12-17 00:12:27.871 [main] INFO  com.alibaba.nacos.client.logging.NacosLogging - Nacos Logging Adapter Builder: com.alibaba.nacos.logger.adapter.logback14.LogbackNacosLoggingAdapterBuilder
2025-12-17 00:12:27.871 [main] INFO  com.alibaba.nacos.client.logging.NacosLogging - Nacos Logging Adapter: com.alibaba.nacos.logger.adapter.logback14.LogbackNacosLoggingAdapter match ch.qos.logback.classic.Logger success.
2025-12-17 00:12:27.877 [main] INFO  com.alibaba.nacos.client.logging.NacosLogging - Nacos Logging Adapter Builder: com.alibaba.nacos.logger.adapter.log4j2.Log4j2NacosLoggingAdapterBuilder
2025-12-17 00:12:28.273 [main] INFO  c.p.xiaohashu.search.XiaohashuSearchApplication - The following 1 profile is active: "dev"
2025-12-17 00:12:28.656 [main] INFO  o.springframework.cloud.context.scope.GenericScope - BeanFactory id=98854d4d-b50f-3f95-93b2-ad1f7aa215d9
2025-12-17 00:12:28.891 [main] INFO  o.s.boot.web.embedded.tomcat.TomcatWebServer - Tomcat initialized with port(s): 8092 (http)
2025-12-17 00:12:28.892 [main] INFO  org.apache.catalina.core.AprLifecycleListener - Loaded Apache Tomcat Native library [2.0.8] using APR version [1.7.4].
2025-12-17 00:12:28.894 [main] INFO  org.apache.catalina.core.AprLifecycleListener - OpenSSL successfully initialized [OpenSSL 3.0.14 4 Jun 2024]
2025-12-17 00:12:28.900 [main] INFO  org.apache.catalina.core.StandardService - Starting service [Tomcat]
2025-12-17 00:12:28.900 [main] INFO  org.apache.catalina.core.StandardEngine - Starting Servlet engine: [Apache Tomcat/10.1.5]
2025-12-17 00:12:28.959 [main] INFO  o.a.c.core.ContainerBase.[Tomcat].[localhost].[/] - Initializing Spring embedded WebApplicationContext
2025-12-17 00:12:28.959 [main] INFO  o.s.b.w.s.c.ServletWebServerApplicationContext - Root WebApplicationContext: initialization completed in 676 ms
2025-12-17 00:12:29.214 [main] INFO  c.a.d.s.b.a.DruidDataSourceAutoConfigure - Init DruidDataSource
2025-12-17 00:12:29.437 [main] INFO  com.alibaba.druid.pool.DruidDataSource - {dataSource-1} inited
2025-12-17 00:12:29.487 [main] WARN  o.s.b.w.s.c.AnnotationConfigServletWebServerApplicationContext - Exception encountered during context initialization - cancelling refresh attempt: org.springframework.beans.factory.BeanCreationException: Error creating bean with name 'canalSchedule': Injection of resource dependencies failed
2025-12-17 00:12:29.487 [main] INFO  com.alibaba.druid.pool.DruidDataSource - {dataSource-1} closing ...
2025-12-17 00:12:29.491 [main] INFO  com.alibaba.druid.pool.DruidDataSource - {dataSource-1} closed
2025-12-17 00:12:29.493 [main] INFO  org.apache.catalina.core.StandardService - Stopping service [Tomcat]
2025-12-17 00:12:29.506 [main] INFO  o.s.b.a.logging.ConditionEvaluationReportLogger - 

Error starting ApplicationContext. To display the condition evaluation report re-run your application with 'debug' enabled.
2025-12-17 00:12:29.515 [main] ERROR org.springframework.boot.SpringApplication - Application run failed
org.springframework.beans.factory.BeanCreationException: Error creating bean with name 'canalSchedule': Injection of resource dependencies failed
	at org.springframework.context.annotation.CommonAnnotationBeanPostProcessor.postProcessProperties(CommonAnnotationBeanPostProcessor.java:303)
	at org.springframework.beans.factory.support.AbstractAutowireCapableBeanFactory.populateBean(AbstractAutowireCapableBeanFactory.java:1408)
	at org.springframework.beans.factory.support.AbstractAutowireCapableBeanFactory.doCreateBean(AbstractAutowireCapableBeanFactory.java:598)
	at org.springframework.beans.factory.support.AbstractAutowireCapableBeanFactory.createBean(AbstractAutowireCapableBeanFactory.java:521)
	at org.springframework.beans.factory.support.AbstractBeanFactory.lambda$doGetBean$0(AbstractBeanFactory.java:326)
	at org.springframework.beans.factory.support.DefaultSingletonBeanRegistry.getSingleton(DefaultSingletonBeanRegistry.java:234)
	at org.springframework.beans.factory.support.AbstractBeanFactory.doGetBean(AbstractBeanFactory.java:324)
	at org.springframework.beans.factory.support.AbstractBeanFactory.getBean(AbstractBeanFactory.java:200)
	at org.springframework.beans.factory.support.DefaultListableBeanFactory.preInstantiateSingletons(DefaultListableBeanFactory.java:961)
	at org.springframework.context.support.AbstractApplicationContext.finishBeanFactoryInitialization(AbstractApplicationContext.java:917)
	at org.springframework.context.support.AbstractApplicationContext.refresh(AbstractApplicationContext.java:584)
	at org.springframework.boot.web.servlet.context.ServletWebServerApplicationContext.refresh(ServletWebServerApplicationContext.java:146)
	at org.springframework.boot.SpringApplication.refresh(SpringApplication.java:732)
	at org.springframework.boot.SpringApplication.refreshContext(SpringApplication.java:434)
	at org.springframework.boot.SpringApplication.run(SpringApplication.java:310)
	at org.springframework.boot.SpringApplication.run(SpringApplication.java:1304)
	at org.springframework.boot.SpringApplication.run(SpringApplication.java:1293)
	at com.peikol.xiaohashu.search.XiaohashuSearchApplication.main(XiaohashuSearchApplication.java:14)
Caused by: org.springframework.beans.factory.UnsatisfiedDependencyException: Error creating bean with name 'selectMapper' defined in file [D:\mycode\Java\xiaohashu\xiaohashu-search\target\classes\com\peikol\xiaohashu\search\domain\mapper\SelectMapper.class]: Unsatisfied dependency expressed through bean property 'sqlSessionFactory': Error creating bean with name 'sqlSessionFactory' defined in class path resource [org/mybatis/spring/boot/autoconfigure/MybatisAutoConfiguration.class]: Failed to instantiate [org.apache.ibatis.session.SqlSessionFactory]: Factory method 'sqlSessionFactory' threw exception with message: Failed to parse mapping resource: 'file [D:\mycode\Java\xiaohashu\xiaohashu-search\target\classes\mapper\SelectMapper.xml]'
	at org.springframework.beans.factory.support.AbstractAutowireCapableBeanFactory.autowireByType(AbstractAutowireCapableBeanFactory.java:1505)
	at org.springframework.beans.factory.support.AbstractAutowireCapableBeanFactory.populateBean(AbstractAutowireCapableBeanFactory.java:1399)
	at org.springframework.beans.factory.support.AbstractAutowireCapableBeanFactory.doCreateBean(AbstractAutowireCapableBeanFactory.java:598)
	at org.springframework.beans.factory.support.AbstractAutowireCapableBeanFactory.createBean(AbstractAutowireCapableBeanFactory.java:521)
	at org.springframework.beans.factory.support.AbstractBeanFactory.lambda$doGetBean$0(AbstractBeanFactory.java:326)
	at org.springframework.beans.factory.support.DefaultSingletonBeanRegistry.getSingleton(DefaultSingletonBeanRegistry.java:234)
	at org.springframework.beans.factory.support.AbstractBeanFactory.doGetBean(AbstractBeanFactory.java:324)
	at org.springframework.beans.factory.support.AbstractBeanFactory.getBean(AbstractBeanFactory.java:205)
	at org.springframework.beans.factory.support.AbstractAutowireCapableBeanFactory.resolveBeanByName(AbstractAutowireCapableBeanFactory.java:458)
	at org.springframework.context.annotation.CommonAnnotationBeanPostProcessor.autowireResource(CommonAnnotationBeanPostProcessor.java:496)
	at org.springframework.context.annotation.CommonAnnotationBeanPostProcessor.getResource(CommonAnnotationBeanPostProcessor.java:467)
	at org.springframework.context.annotation.CommonAnnotationBeanPostProcessor$ResourceElement.getResourceToInject(CommonAnnotationBeanPostProcessor.java:618)
	at org.springframework.beans.factory.annotation.InjectionMetadata$InjectedElement.inject(InjectionMetadata.java:242)
	at org.springframework.beans.factory.annotation.InjectionMetadata.inject(InjectionMetadata.java:133)
	at org.springframework.context.annotation.CommonAnnotationBeanPostProcessor.postProcessProperties(CommonAnnotationBeanPostProcessor.java:300)
	... 17 common frames omitted
Caused by: org.springframework.beans.factory.BeanCreationException: Error creating bean with name 'sqlSessionFactory' defined in class path resource [org/mybatis/spring/boot/autoconfigure/MybatisAutoConfiguration.class]: Failed to instantiate [org.apache.ibatis.session.SqlSessionFactory]: Factory method 'sqlSessionFactory' threw exception with message: Failed to parse mapping resource: 'file [D:\mycode\Java\xiaohashu\xiaohashu-search\target\classes\mapper\SelectMapper.xml]'
	at org.springframework.beans.factory.support.ConstructorResolver.instantiate(ConstructorResolver.java:657)
	at org.springframework.beans.factory.support.ConstructorResolver.instantiateUsingFactoryMethod(ConstructorResolver.java:645)
	at org.springframework.beans.factory.support.AbstractAutowireCapableBeanFactory.instantiateUsingFactoryMethod(AbstractAutowireCapableBeanFactory.java:1324)
	at org.springframework.beans.factory.support.AbstractAutowireCapableBeanFactory.createBeanInstance(AbstractAutowireCapableBeanFactory.java:1161)
	at org.springframework.beans.factory.support.AbstractAutowireCapableBeanFactory.doCreateBean(AbstractAutowireCapableBeanFactory.java:561)
	at org.springframework.beans.factory.support.AbstractAutowireCapableBeanFactory.createBean(AbstractAutowireCapableBeanFactory.java:521)
	at org.springframework.beans.factory.support.AbstractBeanFactory.lambda$doGetBean$0(AbstractBeanFactory.java:326)
	at org.springframework.beans.factory.support.DefaultSingletonBeanRegistry.getSingleton(DefaultSingletonBeanRegistry.java:234)
	at org.springframework.beans.factory.support.AbstractBeanFactory.doGetBean(AbstractBeanFactory.java:324)
	at org.springframework.beans.factory.support.AbstractBeanFactory.getBean(AbstractBeanFactory.java:200)
	at org.springframework.beans.factory.config.DependencyDescriptor.resolveCandidate(DependencyDescriptor.java:254)
	at org.springframework.beans.factory.support.DefaultListableBeanFactory.doResolveDependency(DefaultListableBeanFactory.java:1405)
	at org.springframework.beans.factory.support.DefaultListableBeanFactory.resolveDependency(DefaultListableBeanFactory.java:1325)
	at org.springframework.beans.factory.support.AbstractAutowireCapableBeanFactory.autowireByType(AbstractAutowireCapableBeanFactory.java:1490)
	... 31 common frames omitted
Caused by: org.springframework.beans.BeanInstantiationException: Failed to instantiate [org.apache.ibatis.session.SqlSessionFactory]: Factory method 'sqlSessionFactory' threw exception with message: Failed to parse mapping resource: 'file [D:\mycode\Java\xiaohashu\xiaohashu-search\target\classes\mapper\SelectMapper.xml]'
	at org.springframework.beans.factory.support.SimpleInstantiationStrategy.instantiate(SimpleInstantiationStrategy.java:171)
	at org.springframework.beans.factory.support.ConstructorResolver.instantiate(ConstructorResolver.java:653)
	... 44 common frames omitted
Caused by: java.io.IOException: Failed to parse mapping resource: 'file [D:\mycode\Java\xiaohashu\xiaohashu-search\target\classes\mapper\SelectMapper.xml]'
	at org.mybatis.spring.SqlSessionFactoryBean.buildSqlSessionFactory(SqlSessionFactoryBean.java:695)
	at org.mybatis.spring.SqlSessionFactoryBean.afterPropertiesSet(SqlSessionFactoryBean.java:572)
	at org.mybatis.spring.SqlSessionFactoryBean.getObject(SqlSessionFactoryBean.java:712)
	at org.mybatis.spring.boot.autoconfigure.MybatisAutoConfiguration.sqlSessionFactory(MybatisAutoConfiguration.java:189)
	at java.base/jdk.internal.reflect.NativeMethodAccessorImpl.invoke0(Native Method)
	at java.base/jdk.internal.reflect.NativeMethodAccessorImpl.invoke(NativeMethodAccessorImpl.java:77)
	at java.base/jdk.internal.reflect.DelegatingMethodAccessorImpl.invoke(DelegatingMethodAccessorImpl.java:43)
	at java.base/java.lang.reflect.Method.invoke(Method.java:568)
	at org.springframework.beans.factory.support.SimpleInstantiationStrategy.instantiate(SimpleInstantiationStrategy.java:139)
	... 45 common frames omitted
Caused by: org.apache.ibatis.builder.BuilderException: Error creating document instance.  Cause: org.xml.sax.SAXParseException; lineNumber: 1; columnNumber: 76; 文档根元素 "mapper" 必须匹配 DOCTYPE 根 "null"。
	at org.apache.ibatis.parsing.XPathParser.createDocument(XPathParser.java:262)
	at org.apache.ibatis.parsing.XPathParser.<init>(XPathParser.java:127)
	at org.apache.ibatis.builder.xml.XMLMapperBuilder.<init>(XMLMapperBuilder.java:83)
	at org.mybatis.spring.SqlSessionFactoryBean.buildSqlSessionFactory(SqlSessionFactoryBean.java:692)
	... 53 common frames omitted
Caused by: org.xml.sax.SAXParseException: 文档根元素 "mapper" 必须匹配 DOCTYPE 根 "null"。
	at java.xml/com.sun.org.apache.xerces.internal.util.ErrorHandlerWrapper.createSAXParseException(ErrorHandlerWrapper.java:204)
	at java.xml/com.sun.org.apache.xerces.internal.util.ErrorHandlerWrapper.error(ErrorHandlerWrapper.java:135)
	at java.xml/com.sun.org.apache.xerces.internal.impl.XMLErrorReporter.reportError(XMLErrorReporter.java:396)
	at java.xml/com.sun.org.apache.xerces.internal.impl.XMLErrorReporter.reportError(XMLErrorReporter.java:327)
	at java.xml/com.sun.org.apache.xerces.internal.impl.XMLErrorReporter.reportError(XMLErrorReporter.java:284)
	at java.xml/com.sun.org.apache.xerces.internal.impl.dtd.XMLDTDValidator.rootElementSpecified(XMLDTDValidator.java:1539)
	at java.xml/com.sun.org.apache.xerces.internal.impl.dtd.XMLDTDValidator.handleStartElement(XMLDTDValidator.java:1806)
	at java.xml/com.sun.org.apache.xerces.internal.impl.dtd.XMLDTDValidator.startElement(XMLDTDValidator.java:728)
	at java.xml/com.sun.org.apache.xerces.internal.impl.XMLDocumentFragmentScannerImpl.scanStartElement(XMLDocumentFragmentScannerImpl.java:1407)
	at java.xml/com.sun.org.apache.xerces.internal.impl.XMLDocumentScannerImpl$ContentDriver.scanRootElementHook(XMLDocumentScannerImpl.java:1292)
	at java.xml/com.sun.org.apache.xerces.internal.impl.XMLDocumentFragmentScannerImpl$FragmentContentDriver.next(XMLDocumentFragmentScannerImpl.java:3079)
	at java.xml/com.sun.org.apache.xerces.internal.impl.XMLDocumentScannerImpl$PrologDriver.next(XMLDocumentScannerImpl.java:836)
	at java.xml/com.sun.org.apache.xerces.internal.impl.XMLDocumentScannerImpl.next(XMLDocumentScannerImpl.java:605)
	at java.xml/com.sun.org.apache.xerces.internal.impl.XMLDocumentFragmentScannerImpl.scanDocument(XMLDocumentFragmentScannerImpl.java:542)
	at java.xml/com.sun.org.apache.xerces.internal.parsers.XML11Configuration.parse(XML11Configuration.java:889)
	at java.xml/com.sun.org.apache.xerces.internal.parsers.XML11Configuration.parse(XML11Configuration.java:825)
	at java.xml/com.sun.org.apache.xerces.internal.parsers.XMLParser.parse(XMLParser.java:141)
	at java.xml/com.sun.org.apache.xerces.internal.parsers.DOMParser.parse(DOMParser.java:247)
	at java.xml/com.sun.org.apache.xerces.internal.jaxp.DocumentBuilderImpl.parse(DocumentBuilderImpl.java:342)
	at org.apache.ibatis.parsing.XPathParser.createDocument(XPathParser.java:260)
	... 56 common frames omitted
2025-12-17 00:12:29.519 [Thread-3] WARN  c.alibaba.nacos.common.executor.ThreadPoolManager - [ThreadPoolManager] Start destroying ThreadPool
2025-12-17 00:12:29.519 [Thread-3] WARN  c.alibaba.nacos.common.executor.ThreadPoolManager - [ThreadPoolManager] Destruction of the end
2025-12-17 00:15:19.117 [main] INFO  com.alibaba.nacos.client.logging.NacosLogging - Nacos Logging Adapter Builder: com.alibaba.nacos.logger.adapter.logback12.LogbackNacosLoggingAdapterBuilder
2025-12-17 00:15:19.121 [main] INFO  com.alibaba.nacos.client.logging.NacosLogging - Nacos Logging Adapter Builder: com.alibaba.nacos.logger.adapter.logback14.LogbackNacosLoggingAdapterBuilder
2025-12-17 00:15:19.121 [main] INFO  com.alibaba.nacos.client.logging.NacosLogging - Nacos Logging Adapter: com.alibaba.nacos.logger.adapter.logback14.LogbackNacosLoggingAdapter match ch.qos.logback.classic.Logger success.
2025-12-17 00:15:19.127 [main] INFO  com.alibaba.nacos.client.logging.NacosLogging - Nacos Logging Adapter Builder: com.alibaba.nacos.logger.adapter.log4j2.Log4j2NacosLoggingAdapterBuilder
2025-12-17 00:15:19.510 [main] INFO  c.p.xiaohashu.search.XiaohashuSearchApplication - The following 1 profile is active: "dev"
2025-12-17 00:15:19.881 [main] INFO  o.springframework.cloud.context.scope.GenericScope - BeanFactory id=98854d4d-b50f-3f95-93b2-ad1f7aa215d9
2025-12-17 00:15:20.110 [main] INFO  o.s.boot.web.embedded.tomcat.TomcatWebServer - Tomcat initialized with port(s): 8092 (http)
2025-12-17 00:15:20.111 [main] INFO  org.apache.catalina.core.AprLifecycleListener - Loaded Apache Tomcat Native library [2.0.8] using APR version [1.7.4].
2025-12-17 00:15:20.113 [main] INFO  org.apache.catalina.core.AprLifecycleListener - OpenSSL successfully initialized [OpenSSL 3.0.14 4 Jun 2024]
2025-12-17 00:15:20.119 [main] INFO  org.apache.catalina.core.StandardService - Starting service [Tomcat]
2025-12-17 00:15:20.119 [main] INFO  org.apache.catalina.core.StandardEngine - Starting Servlet engine: [Apache Tomcat/10.1.5]
2025-12-17 00:15:20.181 [main] INFO  o.a.c.core.ContainerBase.[Tomcat].[localhost].[/] - Initializing Spring embedded WebApplicationContext
2025-12-17 00:15:20.181 [main] INFO  o.s.b.w.s.c.ServletWebServerApplicationContext - Root WebApplicationContext: initialization completed in 661 ms
2025-12-17 00:15:20.424 [main] INFO  c.a.d.s.b.a.DruidDataSourceAutoConfigure - Init DruidDataSource
2025-12-17 00:15:20.649 [main] INFO  com.alibaba.druid.pool.DruidDataSource - {dataSource-1} inited
2025-12-17 00:15:21.233 [main] INFO  o.s.boot.web.embedded.tomcat.TomcatWebServer - Tomcat started on port(s): 8092 (http) with context path ''
2025-12-17 00:15:21.258 [main] INFO  c.a.n.p.auth.spi.client.ClientAuthPluginManager - [ClientAuthPluginManager] Load ClientAuthService com.alibaba.nacos.client.auth.impl.NacosClientAuthServiceImpl success.
2025-12-17 00:15:21.259 [main] INFO  c.a.n.p.auth.spi.client.ClientAuthPluginManager - [ClientAuthPluginManager] Load ClientAuthService com.alibaba.nacos.client.auth.ram.RamClientAuthServiceImpl success.
2025-12-17 00:15:21.736 [main] INFO  c.a.n.common.ability.AbstractAbilityControlManager - Ready to get current node abilities...
2025-12-17 00:15:21.737 [main] INFO  c.a.n.common.ability.AbstractAbilityControlManager - Ready to initialize current node abilities, support modes: [SDK_CLIENT]
2025-12-17 00:15:21.737 [main] INFO  c.a.n.common.ability.AbstractAbilityControlManager - Initialize current abilities finish...
2025-12-17 00:15:21.737 [main] INFO  c.a.n.c.ability.discover.NacosAbilityManagerHolder - [AbilityControlManager] Successfully initialize AbilityControlManager
2025-12-17 00:15:21.765 [main] INFO  c.a.cloud.nacos.registry.NacosServiceRegistry - nacos registry, DEFAULT_GROUP xiaohashu-search 10.12.41.102:8092 register finished
2025-12-17 00:15:21.853 [main] INFO  c.p.xiaohashu.search.XiaohashuSearchApplication - Started XiaohashuSearchApplication in 3.156 seconds (process running for 3.494)
2025-12-17 00:15:36.488 [scheduling-1] INFO  com.peikol.xiaohashu.search.canal.CanalSchedule - EventType: INSERT, Database: xiaohashu, Table: t_note, Columns: {visible=0, create_time=2024-11-29 20:59:48, title=【Canal 测试】宝子们，来领取今天的壁纸啦❤️❤️❤️, type=0, is_top=0, video_uri=, is_content_empty=0, update_time=2024-11-29 20:59:48, img_uris=http://116.62.199.48:9000/weblog/c58c6db953d24922803a65ca4f79a0a9.png,http://116.62.199.48:9000/weblog/04c7312e0b4b41be996004517c247e2b.jpg, content_uuid=db8339cd-beba-40a5-9182-c51c2588ae05, creator_id=27, topic_name=壁纸推荐, id=1862481582414102549, topic_id=3, status=1}
2025-12-17 00:16:11.988 [http-nio-8092-exec-1] INFO  o.a.c.core.ContainerBase.[Tomcat].[localhost].[/] - Initializing Spring DispatcherServlet 'dispatcherServlet'
2025-12-17 00:16:11.989 [http-nio-8092-exec-1] INFO  org.springframework.web.servlet.DispatcherServlet - Initializing Servlet 'dispatcherServlet'
2025-12-17 00:16:11.989 [http-nio-8092-exec-1] INFO  org.springframework.web.servlet.DispatcherServlet - Completed initialization in 0 ms
2025-12-17 00:16:12.009 [http-nio-8092-exec-1] INFO  c.p.f.b.operationlog.aspect.ApiOperationLogAspect - ====== 请求开始: [热更新词典], 入参: , 请求类: ExtDictController, 请求方法: extDict =================================== 
2025-12-17 00:16:12.023 [http-nio-8092-exec-1] INFO  c.p.f.b.operationlog.aspect.ApiOperationLogAspect - ====== 请求结束: [热更新词典], 耗时: 11ms, 出参: {"headers":{"ETag":["792976474"],"Content-Type":["text/plain;charset=UTF-8"],"Last-Modified":["Tue, 16 Dec 2025 11:50:29 GMT"]},"body":"打工人\n打工魂\n社畜","statusCode":"OK","statusCodeValue":200} =================================== 
2025-12-17 00:16:19.576 [Thread-3] WARN  c.alibaba.nacos.common.executor.ThreadPoolManager - [ThreadPoolManager] Start destroying ThreadPool
2025-12-17 00:16:19.576 [Thread-28] WARN  com.alibaba.nacos.common.notify.NotifyCenter - [NotifyCenter] Start destroying Publisher
2025-12-17 00:16:19.576 [Thread-28] WARN  com.alibaba.nacos.common.notify.NotifyCenter - [NotifyCenter] Destruction of the end
2025-12-17 00:16:19.576 [Thread-30] WARN  c.alibaba.nacos.common.http.HttpClientBeanHolder - [HttpClientBeanHolder] Start destroying common HttpClient
2025-12-17 00:16:19.576 [Thread-3] WARN  c.alibaba.nacos.common.executor.ThreadPoolManager - [ThreadPoolManager] Destruction of the end
2025-12-17 00:16:19.576 [Thread-30] WARN  c.alibaba.nacos.common.http.HttpClientBeanHolder - [HttpClientBeanHolder] Destruction of the end
2025-12-17 00:16:19.577 [SpringApplicationShutdownHook] INFO  c.a.cloud.nacos.registry.NacosServiceRegistry - De-registering from Nacos Server now...
2025-12-17 00:16:19.581 [SpringApplicationShutdownHook] INFO  c.a.cloud.nacos.registry.NacosServiceRegistry - De-registration finished.
2025-12-17 00:16:29.615 [SpringApplicationShutdownHook] INFO  com.alibaba.druid.pool.DruidDataSource - {dataSource-1} closing ...
2025-12-17 00:16:29.618 [SpringApplicationShutdownHook] INFO  com.alibaba.druid.pool.DruidDataSource - {dataSource-1} closed
2025-12-17 14:07:50.523 [main] INFO  com.alibaba.nacos.client.logging.NacosLogging - Nacos Logging Adapter Builder: com.alibaba.nacos.logger.adapter.logback12.LogbackNacosLoggingAdapterBuilder
2025-12-17 14:07:50.527 [main] INFO  com.alibaba.nacos.client.logging.NacosLogging - Nacos Logging Adapter Builder: com.alibaba.nacos.logger.adapter.logback14.LogbackNacosLoggingAdapterBuilder
2025-12-17 14:07:50.528 [main] INFO  com.alibaba.nacos.client.logging.NacosLogging - Nacos Logging Adapter: com.alibaba.nacos.logger.adapter.logback14.LogbackNacosLoggingAdapter match ch.qos.logback.classic.Logger success.
2025-12-17 14:07:50.537 [main] INFO  com.alibaba.nacos.client.logging.NacosLogging - Nacos Logging Adapter Builder: com.alibaba.nacos.logger.adapter.log4j2.Log4j2NacosLoggingAdapterBuilder
2025-12-17 14:07:51.043 [main] INFO  c.p.xiaohashu.search.XiaohashuSearchApplication - The following 1 profile is active: "dev"
2025-12-17 14:07:51.581 [main] INFO  o.springframework.cloud.context.scope.GenericScope - BeanFactory id=98854d4d-b50f-3f95-93b2-ad1f7aa215d9
2025-12-17 14:07:52.072 [main] INFO  o.s.boot.web.embedded.tomcat.TomcatWebServer - Tomcat initialized with port(s): 8092 (http)
2025-12-17 14:07:52.072 [main] INFO  org.apache.catalina.core.AprLifecycleListener - Loaded Apache Tomcat Native library [2.0.8] using APR version [1.7.4].
2025-12-17 14:07:52.077 [main] INFO  org.apache.catalina.core.AprLifecycleListener - OpenSSL successfully initialized [OpenSSL 3.0.14 4 Jun 2024]
2025-12-17 14:07:52.088 [main] INFO  org.apache.catalina.core.StandardService - Starting service [Tomcat]
2025-12-17 14:07:52.088 [main] INFO  org.apache.catalina.core.StandardEngine - Starting Servlet engine: [Apache Tomcat/10.1.5]
2025-12-17 14:07:52.179 [main] INFO  o.a.c.core.ContainerBase.[Tomcat].[localhost].[/] - Initializing Spring embedded WebApplicationContext
2025-12-17 14:07:52.179 [main] INFO  o.s.b.w.s.c.ServletWebServerApplicationContext - Root WebApplicationContext: initialization completed in 1119 ms
2025-12-17 14:07:52.685 [main] INFO  c.a.d.s.b.a.DruidDataSourceAutoConfigure - Init DruidDataSource
2025-12-17 14:07:52.963 [main] INFO  com.alibaba.druid.pool.DruidDataSource - {dataSource-1} inited
2025-12-17 14:07:53.734 [main] INFO  o.s.boot.web.embedded.tomcat.TomcatWebServer - Tomcat started on port(s): 8092 (http) with context path ''
2025-12-17 14:07:53.773 [main] INFO  c.a.n.p.auth.spi.client.ClientAuthPluginManager - [ClientAuthPluginManager] Load ClientAuthService com.alibaba.nacos.client.auth.impl.NacosClientAuthServiceImpl success.
2025-12-17 14:07:53.774 [main] INFO  c.a.n.p.auth.spi.client.ClientAuthPluginManager - [ClientAuthPluginManager] Load ClientAuthService com.alibaba.nacos.client.auth.ram.RamClientAuthServiceImpl success.
2025-12-17 14:07:54.476 [main] INFO  c.a.n.common.ability.AbstractAbilityControlManager - Ready to get current node abilities...
2025-12-17 14:07:54.477 [main] INFO  c.a.n.common.ability.AbstractAbilityControlManager - Ready to initialize current node abilities, support modes: [SDK_CLIENT]
2025-12-17 14:07:54.477 [main] INFO  c.a.n.common.ability.AbstractAbilityControlManager - Initialize current abilities finish...
2025-12-17 14:07:54.478 [main] INFO  c.a.n.c.ability.discover.NacosAbilityManagerHolder - [AbilityControlManager] Successfully initialize AbilityControlManager
2025-12-17 14:07:54.525 [main] INFO  c.a.cloud.nacos.registry.NacosServiceRegistry - nacos registry, DEFAULT_GROUP xiaohashu-search 10.12.41.102:8092 register finished
2025-12-17 14:07:54.646 [main] INFO  c.p.xiaohashu.search.XiaohashuSearchApplication - Started XiaohashuSearchApplication in 4.687 seconds (process running for 5.897)
2025-12-17 14:08:43.060 [http-nio-8092-exec-1] INFO  o.a.c.core.ContainerBase.[Tomcat].[localhost].[/] - Initializing Spring DispatcherServlet 'dispatcherServlet'
2025-12-17 14:08:43.060 [http-nio-8092-exec-1] INFO  org.springframework.web.servlet.DispatcherServlet - Initializing Servlet 'dispatcherServlet'
2025-12-17 14:08:43.062 [http-nio-8092-exec-1] INFO  org.springframework.web.servlet.DispatcherServlet - Completed initialization in 2 ms
2025-12-17 14:08:43.084 [http-nio-8092-exec-1] INFO  c.p.f.b.operationlog.aspect.ApiOperationLogAspect - ====== 请求开始: [热更新词典], 入参: , 请求类: ExtDictController, 请求方法: extDict =================================== 
2025-12-17 14:08:43.121 [http-nio-8092-exec-1] INFO  c.p.f.b.operationlog.aspect.ApiOperationLogAspect - ====== 请求结束: [热更新词典], 耗时: 28ms, 出参: {"headers":{"ETag":["792976474"],"Content-Type":["text/plain;charset=UTF-8"],"Last-Modified":["Tue, 16 Dec 2025 11:50:29 GMT"]},"body":"打工人\n打工魂\n社畜","statusCode":"OK","statusCodeValue":200} =================================== 
2025-12-17 14:09:45.441 [http-nio-8092-exec-5] INFO  c.p.f.b.operationlog.aspect.ApiOperationLogAspect - ====== 请求开始: [热更新词典], 入参: , 请求类: ExtDictController, 请求方法: extDict =================================== 
2025-12-17 14:09:45.442 [http-nio-8092-exec-5] INFO  c.p.f.b.operationlog.aspect.ApiOperationLogAspect - ====== 请求结束: [热更新词典], 耗时: 0ms, 出参: {"headers":{"ETag":["792976474"],"Content-Type":["text/plain;charset=UTF-8"],"Last-Modified":["Tue, 16 Dec 2025 11:50:29 GMT"]},"body":"打工人\n打工魂\n社畜","statusCode":"OK","statusCodeValue":200} =================================== 
2025-12-17 14:10:47.797 [http-nio-8092-exec-3] INFO  c.p.f.b.operationlog.aspect.ApiOperationLogAspect - ====== 请求开始: [热更新词典], 入参: , 请求类: ExtDictController, 请求方法: extDict =================================== 
2025-12-17 14:10:47.798 [http-nio-8092-exec-3] INFO  c.p.f.b.operationlog.aspect.ApiOperationLogAspect - ====== 请求结束: [热更新词典], 耗时: 1ms, 出参: {"headers":{"ETag":["792976474"],"Content-Type":["text/plain;charset=UTF-8"],"Last-Modified":["Tue, 16 Dec 2025 11:50:29 GMT"]},"body":"打工人\n打工魂\n社畜","statusCode":"OK","statusCodeValue":200} =================================== 
2025-12-17 14:11:50.109 [http-nio-8092-exec-6] INFO  c.p.f.b.operationlog.aspect.ApiOperationLogAspect - ====== 请求开始: [热更新词典], 入参: , 请求类: ExtDictController, 请求方法: extDict =================================== 
2025-12-17 14:11:50.110 [http-nio-8092-exec-6] INFO  c.p.f.b.operationlog.aspect.ApiOperationLogAspect - ====== 请求结束: [热更新词典], 耗时: 1ms, 出参: {"headers":{"ETag":["792976474"],"Content-Type":["text/plain;charset=UTF-8"],"Last-Modified":["Tue, 16 Dec 2025 11:50:29 GMT"]},"body":"打工人\n打工魂\n社畜","statusCode":"OK","statusCodeValue":200} =================================== 
2025-12-17 14:12:52.597 [http-nio-8092-exec-9] INFO  c.p.f.b.operationlog.aspect.ApiOperationLogAspect - ====== 请求开始: [热更新词典], 入参: , 请求类: ExtDictController, 请求方法: extDict =================================== 
2025-12-17 14:12:52.598 [http-nio-8092-exec-9] INFO  c.p.f.b.operationlog.aspect.ApiOperationLogAspect - ====== 请求结束: [热更新词典], 耗时: 1ms, 出参: {"headers":{"ETag":["792976474"],"Content-Type":["text/plain;charset=UTF-8"],"Last-Modified":["Tue, 16 Dec 2025 11:50:29 GMT"]},"body":"打工人\n打工魂\n社畜","statusCode":"OK","statusCodeValue":200} =================================== 
2025-12-17 14:13:54.946 [http-nio-8092-exec-1] INFO  c.p.f.b.operationlog.aspect.ApiOperationLogAspect - ====== 请求开始: [热更新词典], 入参: , 请求类: ExtDictController, 请求方法: extDict =================================== 
2025-12-17 14:13:54.946 [http-nio-8092-exec-1] INFO  c.p.f.b.operationlog.aspect.ApiOperationLogAspect - ====== 请求结束: [热更新词典], 耗时: 0ms, 出参: {"headers":{"ETag":["792976474"],"Content-Type":["text/plain;charset=UTF-8"],"Last-Modified":["Tue, 16 Dec 2025 11:50:29 GMT"]},"body":"打工人\n打工魂\n社畜","statusCode":"OK","statusCodeValue":200} =================================== 
2025-12-17 14:14:57.320 [http-nio-8092-exec-5] INFO  c.p.f.b.operationlog.aspect.ApiOperationLogAspect - ====== 请求开始: [热更新词典], 入参: , 请求类: ExtDictController, 请求方法: extDict =================================== 
2025-12-17 14:14:57.321 [http-nio-8092-exec-5] INFO  c.p.f.b.operationlog.aspect.ApiOperationLogAspect - ====== 请求结束: [热更新词典], 耗时: 1ms, 出参: {"headers":{"ETag":["792976474"],"Content-Type":["text/plain;charset=UTF-8"],"Last-Modified":["Tue, 16 Dec 2025 11:50:29 GMT"]},"body":"打工人\n打工魂\n社畜","statusCode":"OK","statusCodeValue":200} =================================== 
2025-12-17 14:15:59.718 [http-nio-8092-exec-3] INFO  c.p.f.b.operationlog.aspect.ApiOperationLogAspect - ====== 请求开始: [热更新词典], 入参: , 请求类: ExtDictController, 请求方法: extDict =================================== 
2025-12-17 14:15:59.718 [http-nio-8092-exec-3] INFO  c.p.f.b.operationlog.aspect.ApiOperationLogAspect - ====== 请求结束: [热更新词典], 耗时: 0ms, 出参: {"headers":{"ETag":["792976474"],"Content-Type":["text/plain;charset=UTF-8"],"Last-Modified":["Tue, 16 Dec 2025 11:50:29 GMT"]},"body":"打工人\n打工魂\n社畜","statusCode":"OK","statusCodeValue":200} =================================== 
2025-12-17 14:17:02.130 [http-nio-8092-exec-6] INFO  c.p.f.b.operationlog.aspect.ApiOperationLogAspect - ====== 请求开始: [热更新词典], 入参: , 请求类: ExtDictController, 请求方法: extDict =================================== 
2025-12-17 14:17:02.131 [http-nio-8092-exec-6] INFO  c.p.f.b.operationlog.aspect.ApiOperationLogAspect - ====== 请求结束: [热更新词典], 耗时: 1ms, 出参: {"headers":{"ETag":["792976474"],"Content-Type":["text/plain;charset=UTF-8"],"Last-Modified":["Tue, 16 Dec 2025 11:50:29 GMT"]},"body":"打工人\n打工魂\n社畜","statusCode":"OK","statusCodeValue":200} =================================== 
2025-12-17 14:18:04.581 [http-nio-8092-exec-9] INFO  c.p.f.b.operationlog.aspect.ApiOperationLogAspect - ====== 请求开始: [热更新词典], 入参: , 请求类: ExtDictController, 请求方法: extDict =================================== 
2025-12-17 14:18:04.582 [http-nio-8092-exec-9] INFO  c.p.f.b.operationlog.aspect.ApiOperationLogAspect - ====== 请求结束: [热更新词典], 耗时: 1ms, 出参: {"headers":{"ETag":["792976474"],"Content-Type":["text/plain;charset=UTF-8"],"Last-Modified":["Tue, 16 Dec 2025 11:50:29 GMT"]},"body":"打工人\n打工魂\n社畜","statusCode":"OK","statusCodeValue":200} =================================== 
2025-12-17 14:19:06.970 [http-nio-8092-exec-1] INFO  c.p.f.b.operationlog.aspect.ApiOperationLogAspect - ====== 请求开始: [热更新词典], 入参: , 请求类: ExtDictController, 请求方法: extDict =================================== 
2025-12-17 14:19:06.970 [http-nio-8092-exec-1] INFO  c.p.f.b.operationlog.aspect.ApiOperationLogAspect - ====== 请求结束: [热更新词典], 耗时: 1ms, 出参: {"headers":{"ETag":["792976474"],"Content-Type":["text/plain;charset=UTF-8"],"Last-Modified":["Tue, 16 Dec 2025 11:50:29 GMT"]},"body":"打工人\n打工魂\n社畜","statusCode":"OK","statusCodeValue":200} =================================== 
2025-12-17 14:20:09.392 [http-nio-8092-exec-5] INFO  c.p.f.b.operationlog.aspect.ApiOperationLogAspect - ====== 请求开始: [热更新词典], 入参: , 请求类: ExtDictController, 请求方法: extDict =================================== 
2025-12-17 14:20:09.393 [http-nio-8092-exec-5] INFO  c.p.f.b.operationlog.aspect.ApiOperationLogAspect - ====== 请求结束: [热更新词典], 耗时: 1ms, 出参: {"headers":{"ETag":["792976474"],"Content-Type":["text/plain;charset=UTF-8"],"Last-Modified":["Tue, 16 Dec 2025 11:50:29 GMT"]},"body":"打工人\n打工魂\n社畜","statusCode":"OK","statusCodeValue":200} =================================== 
2025-12-17 14:21:11.820 [http-nio-8092-exec-3] INFO  c.p.f.b.operationlog.aspect.ApiOperationLogAspect - ====== 请求开始: [热更新词典], 入参: , 请求类: ExtDictController, 请求方法: extDict =================================== 
2025-12-17 14:21:11.820 [http-nio-8092-exec-3] INFO  c.p.f.b.operationlog.aspect.ApiOperationLogAspect - ====== 请求结束: [热更新词典], 耗时: 0ms, 出参: {"headers":{"ETag":["792976474"],"Content-Type":["text/plain;charset=UTF-8"],"Last-Modified":["Tue, 16 Dec 2025 11:50:29 GMT"]},"body":"打工人\n打工魂\n社畜","statusCode":"OK","statusCodeValue":200} =================================== 
2025-12-17 14:22:14.206 [http-nio-8092-exec-6] INFO  c.p.f.b.operationlog.aspect.ApiOperationLogAspect - ====== 请求开始: [热更新词典], 入参: , 请求类: ExtDictController, 请求方法: extDict =================================== 
2025-12-17 14:22:14.207 [http-nio-8092-exec-6] INFO  c.p.f.b.operationlog.aspect.ApiOperationLogAspect - ====== 请求结束: [热更新词典], 耗时: 1ms, 出参: {"headers":{"ETag":["792976474"],"Content-Type":["text/plain;charset=UTF-8"],"Last-Modified":["Tue, 16 Dec 2025 11:50:29 GMT"]},"body":"打工人\n打工魂\n社畜","statusCode":"OK","statusCodeValue":200} =================================== 
2025-12-17 14:22:25.319 [scheduling-1] INFO  com.peikol.xiaohashu.search.canal.CanalSchedule - EventType: UPDATE, Database: xiaohashu, Table: t_user, Columns: {birthday=2000-01-24, xiaohashu_id=peiko1_java, create_time=2025-12-02 16:00:03, sex=1, background_img=http://127.0.0.1:9000/xiaohashu/6f39b940da624a29a2a61d96956541bf.png, avatar=http://127.0.0.1:9000/xiaohashu/1f4a34281e164b47b7cda6c031590300.png, password=$2a$10$qPmfyAvydZ75Eych60XYMeC0Hk1k8G/7H/pAVVOAcXqHkB6ACKFKe, update_time=2025-12-03 15:24:42, is_deleted=0, phone=13772792309, nickname=peikol, id=1, introduction=土木狗, status=0}
2025-12-17 14:23:16.665 [http-nio-8092-exec-9] INFO  c.p.f.b.operationlog.aspect.ApiOperationLogAspect - ====== 请求开始: [热更新词典], 入参: , 请求类: ExtDictController, 请求方法: extDict =================================== 
2025-12-17 14:23:16.666 [http-nio-8092-exec-9] INFO  c.p.f.b.operationlog.aspect.ApiOperationLogAspect - ====== 请求结束: [热更新词典], 耗时: 1ms, 出参: {"headers":{"ETag":["792976474"],"Content-Type":["text/plain;charset=UTF-8"],"Last-Modified":["Tue, 16 Dec 2025 11:50:29 GMT"]},"body":"打工人\n打工魂\n社畜","statusCode":"OK","statusCodeValue":200} =================================== 
2025-12-17 14:24:19.131 [http-nio-8092-exec-1] INFO  c.p.f.b.operationlog.aspect.ApiOperationLogAspect - ====== 请求开始: [热更新词典], 入参: , 请求类: ExtDictController, 请求方法: extDict =================================== 
2025-12-17 14:24:19.133 [http-nio-8092-exec-1] INFO  c.p.f.b.operationlog.aspect.ApiOperationLogAspect - ====== 请求结束: [热更新词典], 耗时: 1ms, 出参: {"headers":{"ETag":["792976474"],"Content-Type":["text/plain;charset=UTF-8"],"Last-Modified":["Tue, 16 Dec 2025 11:50:29 GMT"]},"body":"打工人\n打工魂\n社畜","statusCode":"OK","statusCodeValue":200} =================================== 
2025-12-17 14:24:24.236 [Thread-28] WARN  com.alibaba.nacos.common.notify.NotifyCenter - [NotifyCenter] Start destroying Publisher
2025-12-17 14:24:24.237 [Thread-28] WARN  com.alibaba.nacos.common.notify.NotifyCenter - [NotifyCenter] Destruction of the end
2025-12-17 14:24:24.237 [Thread-3] WARN  c.alibaba.nacos.common.executor.ThreadPoolManager - [ThreadPoolManager] Start destroying ThreadPool
2025-12-17 14:24:24.237 [Thread-30] WARN  c.alibaba.nacos.common.http.HttpClientBeanHolder - [HttpClientBeanHolder] Start destroying common HttpClient
2025-12-17 14:24:24.237 [Thread-3] WARN  c.alibaba.nacos.common.executor.ThreadPoolManager - [ThreadPoolManager] Destruction of the end
2025-12-17 14:24:24.237 [Thread-30] WARN  c.alibaba.nacos.common.http.HttpClientBeanHolder - [HttpClientBeanHolder] Destruction of the end
2025-12-17 14:24:24.237 [SpringApplicationShutdownHook] INFO  c.a.cloud.nacos.registry.NacosServiceRegistry - De-registering from Nacos Server now...
2025-12-17 14:24:24.243 [SpringApplicationShutdownHook] INFO  c.a.cloud.nacos.registry.NacosServiceRegistry - De-registration finished.
2025-12-17 14:24:34.269 [SpringApplicationShutdownHook] INFO  com.alibaba.druid.pool.DruidDataSource - {dataSource-1} closing ...
2025-12-17 14:24:34.271 [SpringApplicationShutdownHook] INFO  com.alibaba.druid.pool.DruidDataSource - {dataSource-1} closed
2025-12-17 14:24:34.270 [scheduling-1] ERROR com.peikol.xiaohashu.search.canal.CanalSchedule - 消费 Canal 批次数据异常
com.alibaba.otter.canal.protocol.exception.CanalClientException: java.nio.channels.ClosedByInterruptException
	at com.alibaba.otter.canal.client.impl.SimpleCanalConnector.ack(SimpleCanalConnector.java:361)
	at com.peikol.xiaohashu.search.canal.CanalSchedule.run(CanalSchedule.java:66)
	at jdk.internal.reflect.GeneratedMethodAccessor22.invoke(Unknown Source)
	at java.base/jdk.internal.reflect.DelegatingMethodAccessorImpl.invoke(DelegatingMethodAccessorImpl.java:43)
	at java.base/java.lang.reflect.Method.invoke(Method.java:568)
	at org.springframework.scheduling.support.ScheduledMethodRunnable.run(ScheduledMethodRunnable.java:84)
	at org.springframework.scheduling.support.DelegatingErrorHandlingRunnable.run(DelegatingErrorHandlingRunnable.java:54)
	at java.base/java.util.concurrent.Executors$RunnableAdapter.call(Executors.java:539)
	at java.base/java.util.concurrent.FutureTask.runAndReset(FutureTask.java:305)
	at java.base/java.util.concurrent.ScheduledThreadPoolExecutor$ScheduledFutureTask.run(ScheduledThreadPoolExecutor.java:305)
	at java.base/java.util.concurrent.ThreadPoolExecutor.runWorker(ThreadPoolExecutor.java:1136)
	at java.base/java.util.concurrent.ThreadPoolExecutor$Worker.run(ThreadPoolExecutor.java:635)
	at java.base/java.lang.Thread.run(Thread.java:842)
Caused by: java.nio.channels.ClosedByInterruptException: null
	at java.base/java.nio.channels.spi.AbstractInterruptibleChannel.end(AbstractInterruptibleChannel.java:199)
	at java.base/java.nio.channels.Channels$WritableByteChannelImpl.write(Channels.java:465)
	at com.alibaba.otter.canal.client.impl.SimpleCanalConnector.writeWithHeader(SimpleCanalConnector.java:405)
	at com.alibaba.otter.canal.client.impl.SimpleCanalConnector.writeWithHeader(SimpleCanalConnector.java:393)
	at com.alibaba.otter.canal.client.impl.SimpleCanalConnector.ack(SimpleCanalConnector.java:355)
	... 12 common frames omitted
2025-12-17 17:11:32.058 [main] INFO  com.alibaba.nacos.client.logging.NacosLogging - Nacos Logging Adapter Builder: com.alibaba.nacos.logger.adapter.logback12.LogbackNacosLoggingAdapterBuilder
2025-12-17 17:11:32.060 [main] INFO  com.alibaba.nacos.client.logging.NacosLogging - Nacos Logging Adapter Builder: com.alibaba.nacos.logger.adapter.logback14.LogbackNacosLoggingAdapterBuilder
2025-12-17 17:11:32.060 [main] INFO  com.alibaba.nacos.client.logging.NacosLogging - Nacos Logging Adapter: com.alibaba.nacos.logger.adapter.logback14.LogbackNacosLoggingAdapter match ch.qos.logback.classic.Logger success.
2025-12-17 17:11:32.069 [main] INFO  com.alibaba.nacos.client.logging.NacosLogging - Nacos Logging Adapter Builder: com.alibaba.nacos.logger.adapter.log4j2.Log4j2NacosLoggingAdapterBuilder
2025-12-17 17:11:32.556 [main] INFO  c.p.xiaohashu.search.XiaohashuSearchApplication - The following 1 profile is active: "dev"
2025-12-17 17:11:33.056 [main] INFO  o.springframework.cloud.context.scope.GenericScope - BeanFactory id=98854d4d-b50f-3f95-93b2-ad1f7aa215d9
2025-12-17 17:11:33.342 [main] INFO  o.s.boot.web.embedded.tomcat.TomcatWebServer - Tomcat initialized with port(s): 8092 (http)
2025-12-17 17:11:33.343 [main] INFO  org.apache.catalina.core.AprLifecycleListener - Loaded Apache Tomcat Native library [2.0.8] using APR version [1.7.4].
2025-12-17 17:11:33.344 [main] INFO  org.apache.catalina.core.AprLifecycleListener - OpenSSL successfully initialized [OpenSSL 3.0.14 4 Jun 2024]
2025-12-17 17:11:33.350 [main] INFO  org.apache.catalina.core.StandardService - Starting service [Tomcat]
2025-12-17 17:11:33.350 [main] INFO  org.apache.catalina.core.StandardEngine - Starting Servlet engine: [Apache Tomcat/10.1.5]
2025-12-17 17:11:33.425 [main] INFO  o.a.c.core.ContainerBase.[Tomcat].[localhost].[/] - Initializing Spring embedded WebApplicationContext
2025-12-17 17:11:33.426 [main] INFO  o.s.b.w.s.c.ServletWebServerApplicationContext - Root WebApplicationContext: initialization completed in 853 ms
2025-12-17 17:11:33.908 [main] INFO  c.a.d.s.b.a.DruidDataSourceAutoConfigure - Init DruidDataSource
2025-12-17 17:11:34.207 [main] INFO  com.alibaba.druid.pool.DruidDataSource - {dataSource-1} inited
2025-12-17 17:11:35.024 [main] INFO  o.s.boot.web.embedded.tomcat.TomcatWebServer - Tomcat started on port(s): 8092 (http) with context path ''
2025-12-17 17:11:35.055 [main] INFO  c.a.n.p.auth.spi.client.ClientAuthPluginManager - [ClientAuthPluginManager] Load ClientAuthService com.alibaba.nacos.client.auth.impl.NacosClientAuthServiceImpl success.
2025-12-17 17:11:35.055 [main] INFO  c.a.n.p.auth.spi.client.ClientAuthPluginManager - [ClientAuthPluginManager] Load ClientAuthService com.alibaba.nacos.client.auth.ram.RamClientAuthServiceImpl success.
2025-12-17 17:11:35.605 [main] INFO  c.a.n.common.ability.AbstractAbilityControlManager - Ready to get current node abilities...
2025-12-17 17:11:35.606 [main] INFO  c.a.n.common.ability.AbstractAbilityControlManager - Ready to initialize current node abilities, support modes: [SDK_CLIENT]
2025-12-17 17:11:35.607 [main] INFO  c.a.n.common.ability.AbstractAbilityControlManager - Initialize current abilities finish...
2025-12-17 17:11:35.607 [main] INFO  c.a.n.c.ability.discover.NacosAbilityManagerHolder - [AbilityControlManager] Successfully initialize AbilityControlManager
2025-12-17 17:11:35.643 [main] INFO  c.a.cloud.nacos.registry.NacosServiceRegistry - nacos registry, DEFAULT_GROUP xiaohashu-search 10.12.41.102:8092 register finished
2025-12-17 17:11:35.745 [main] INFO  c.p.xiaohashu.search.XiaohashuSearchApplication - Started XiaohashuSearchApplication in 4.169 seconds (process running for 11.129)
2025-12-17 17:12:03.416 [http-nio-8092-exec-1] INFO  o.a.c.core.ContainerBase.[Tomcat].[localhost].[/] - Initializing Spring DispatcherServlet 'dispatcherServlet'
2025-12-17 17:12:03.416 [http-nio-8092-exec-1] INFO  org.springframework.web.servlet.DispatcherServlet - Initializing Servlet 'dispatcherServlet'
2025-12-17 17:12:03.417 [http-nio-8092-exec-1] INFO  org.springframework.web.servlet.DispatcherServlet - Completed initialization in 0 ms
2025-12-17 17:12:03.446 [http-nio-8092-exec-1] INFO  c.p.f.b.operationlog.aspect.ApiOperationLogAspect - ====== 请求开始: [热更新词典], 入参: , 请求类: ExtDictController, 请求方法: extDict =================================== 
2025-12-17 17:12:03.485 [http-nio-8092-exec-1] INFO  c.p.f.b.operationlog.aspect.ApiOperationLogAspect - ====== 请求结束: [热更新词典], 耗时: 33ms, 出参: {"headers":{"ETag":["792976474"],"Content-Type":["text/plain;charset=UTF-8"],"Last-Modified":["Tue, 16 Dec 2025 11:50:29 GMT"]},"body":"打工人\n打工魂\n社畜","statusCode":"OK","statusCodeValue":200} =================================== 
2025-12-17 17:13:06.676 [http-nio-8092-exec-4] INFO  c.p.f.b.operationlog.aspect.ApiOperationLogAspect - ====== 请求开始: [热更新词典], 入参: , 请求类: ExtDictController, 请求方法: extDict =================================== 
2025-12-17 17:13:06.676 [http-nio-8092-exec-4] INFO  c.p.f.b.operationlog.aspect.ApiOperationLogAspect - ====== 请求结束: [热更新词典], 耗时: 0ms, 出参: {"headers":{"ETag":["792976474"],"Content-Type":["text/plain;charset=UTF-8"],"Last-Modified":["Tue, 16 Dec 2025 11:50:29 GMT"]},"body":"打工人\n打工魂\n社畜","statusCode":"OK","statusCodeValue":200} =================================== 
2025-12-17 17:14:09.969 [http-nio-8092-exec-6] INFO  c.p.f.b.operationlog.aspect.ApiOperationLogAspect - ====== 请求开始: [热更新词典], 入参: , 请求类: ExtDictController, 请求方法: extDict =================================== 
2025-12-17 17:14:09.970 [http-nio-8092-exec-6] INFO  c.p.f.b.operationlog.aspect.ApiOperationLogAspect - ====== 请求结束: [热更新词典], 耗时: 0ms, 出参: {"headers":{"ETag":["792976474"],"Content-Type":["text/plain;charset=UTF-8"],"Last-Modified":["Tue, 16 Dec 2025 11:50:29 GMT"]},"body":"打工人\n打工魂\n社畜","statusCode":"OK","statusCodeValue":200} =================================== 
2025-12-17 17:14:40.697 [Thread-28] WARN  com.alibaba.nacos.common.notify.NotifyCenter - [NotifyCenter] Start destroying Publisher
2025-12-17 17:14:40.697 [Thread-3] WARN  c.alibaba.nacos.common.executor.ThreadPoolManager - [ThreadPoolManager] Start destroying ThreadPool
2025-12-17 17:14:40.697 [Thread-30] WARN  c.alibaba.nacos.common.http.HttpClientBeanHolder - [HttpClientBeanHolder] Start destroying common HttpClient
2025-12-17 17:14:40.697 [Thread-28] WARN  com.alibaba.nacos.common.notify.NotifyCenter - [NotifyCenter] Destruction of the end
2025-12-17 17:14:40.697 [Thread-3] WARN  c.alibaba.nacos.common.executor.ThreadPoolManager - [ThreadPoolManager] Destruction of the end
2025-12-17 17:14:40.697 [Thread-30] WARN  c.alibaba.nacos.common.http.HttpClientBeanHolder - [HttpClientBeanHolder] Destruction of the end
2025-12-17 17:14:40.698 [SpringApplicationShutdownHook] INFO  c.a.cloud.nacos.registry.NacosServiceRegistry - De-registering from Nacos Server now...
2025-12-17 17:14:40.703 [SpringApplicationShutdownHook] INFO  c.a.cloud.nacos.registry.NacosServiceRegistry - De-registration finished.
2025-12-17 17:14:42.635 [main] INFO  com.alibaba.nacos.client.logging.NacosLogging - Nacos Logging Adapter Builder: com.alibaba.nacos.logger.adapter.logback12.LogbackNacosLoggingAdapterBuilder
2025-12-17 17:14:42.639 [main] INFO  com.alibaba.nacos.client.logging.NacosLogging - Nacos Logging Adapter Builder: com.alibaba.nacos.logger.adapter.logback14.LogbackNacosLoggingAdapterBuilder
2025-12-17 17:14:42.640 [main] INFO  com.alibaba.nacos.client.logging.NacosLogging - Nacos Logging Adapter: com.alibaba.nacos.logger.adapter.logback14.LogbackNacosLoggingAdapter match ch.qos.logback.classic.Logger success.
2025-12-17 17:14:42.646 [main] INFO  com.alibaba.nacos.client.logging.NacosLogging - Nacos Logging Adapter Builder: com.alibaba.nacos.logger.adapter.log4j2.Log4j2NacosLoggingAdapterBuilder
2025-12-17 17:14:43.074 [main] INFO  c.p.xiaohashu.search.XiaohashuSearchApplication - The following 1 profile is active: "dev"
2025-12-17 17:14:43.428 [main] INFO  o.springframework.cloud.context.scope.GenericScope - BeanFactory id=98854d4d-b50f-3f95-93b2-ad1f7aa215d9
2025-12-17 17:14:43.657 [main] INFO  o.s.boot.web.embedded.tomcat.TomcatWebServer - Tomcat initialized with port(s): 8092 (http)
2025-12-17 17:14:43.658 [main] INFO  org.apache.catalina.core.AprLifecycleListener - Loaded Apache Tomcat Native library [2.0.8] using APR version [1.7.4].
2025-12-17 17:14:43.660 [main] INFO  org.apache.catalina.core.AprLifecycleListener - OpenSSL successfully initialized [OpenSSL 3.0.14 4 Jun 2024]
2025-12-17 17:14:43.666 [main] INFO  org.apache.catalina.core.StandardService - Starting service [Tomcat]
2025-12-17 17:14:43.666 [main] INFO  org.apache.catalina.core.StandardEngine - Starting Servlet engine: [Apache Tomcat/10.1.5]
2025-12-17 17:14:43.728 [main] INFO  o.a.c.core.ContainerBase.[Tomcat].[localhost].[/] - Initializing Spring embedded WebApplicationContext
2025-12-17 17:14:43.728 [main] INFO  o.s.b.w.s.c.ServletWebServerApplicationContext - Root WebApplicationContext: initialization completed in 644 ms
2025-12-17 17:14:43.972 [main] INFO  c.a.d.s.b.a.DruidDataSourceAutoConfigure - Init DruidDataSource
2025-12-17 17:14:44.203 [main] INFO  com.alibaba.druid.pool.DruidDataSource - {dataSource-1} inited
2025-12-17 17:14:44.799 [main] INFO  o.s.boot.web.embedded.tomcat.TomcatWebServer - Tomcat started on port(s): 8092 (http) with context path ''
2025-12-17 17:14:44.823 [main] INFO  c.a.n.p.auth.spi.client.ClientAuthPluginManager - [ClientAuthPluginManager] Load ClientAuthService com.alibaba.nacos.client.auth.impl.NacosClientAuthServiceImpl success.
2025-12-17 17:14:44.823 [main] INFO  c.a.n.p.auth.spi.client.ClientAuthPluginManager - [ClientAuthPluginManager] Load ClientAuthService com.alibaba.nacos.client.auth.ram.RamClientAuthServiceImpl success.
2025-12-17 17:14:45.317 [main] INFO  c.a.n.common.ability.AbstractAbilityControlManager - Ready to get current node abilities...
2025-12-17 17:14:45.319 [main] INFO  c.a.n.common.ability.AbstractAbilityControlManager - Ready to initialize current node abilities, support modes: [SDK_CLIENT]
2025-12-17 17:14:45.320 [main] INFO  c.a.n.common.ability.AbstractAbilityControlManager - Initialize current abilities finish...
2025-12-17 17:14:45.320 [main] INFO  c.a.n.c.ability.discover.NacosAbilityManagerHolder - [AbilityControlManager] Successfully initialize AbilityControlManager
2025-12-17 17:14:45.345 [main] INFO  c.a.cloud.nacos.registry.NacosServiceRegistry - nacos registry, DEFAULT_GROUP xiaohashu-search 10.12.41.102:8092 register finished
2025-12-17 17:14:45.431 [main] INFO  c.p.xiaohashu.search.XiaohashuSearchApplication - Started XiaohashuSearchApplication in 3.327 seconds (process running for 3.727)
2025-12-17 17:15:13.299 [http-nio-8092-exec-1] INFO  o.a.c.core.ContainerBase.[Tomcat].[localhost].[/] - Initializing Spring DispatcherServlet 'dispatcherServlet'
2025-12-17 17:15:13.299 [http-nio-8092-exec-1] INFO  org.springframework.web.servlet.DispatcherServlet - Initializing Servlet 'dispatcherServlet'
2025-12-17 17:15:13.299 [http-nio-8092-exec-1] INFO  org.springframework.web.servlet.DispatcherServlet - Completed initialization in 0 ms
2025-12-17 17:15:13.319 [http-nio-8092-exec-1] INFO  c.p.f.b.operationlog.aspect.ApiOperationLogAspect - ====== 请求开始: [热更新词典], 入参: , 请求类: ExtDictController, 请求方法: extDict =================================== 
2025-12-17 17:15:13.333 [http-nio-8092-exec-1] INFO  c.p.f.b.operationlog.aspect.ApiOperationLogAspect - ====== 请求结束: [热更新词典], 耗时: 9ms, 出参: {"headers":{"ETag":["792976474"],"Content-Type":["text/plain;charset=UTF-8"],"Last-Modified":["Tue, 16 Dec 2025 11:50:29 GMT"]},"body":"打工人\n打工魂\n社畜","statusCode":"OK","statusCodeValue":200} =================================== 
2025-12-17 17:16:16.365 [http-nio-8092-exec-7] INFO  c.p.f.b.operationlog.aspect.ApiOperationLogAspect - ====== 请求开始: [热更新词典], 入参: , 请求类: ExtDictController, 请求方法: extDict =================================== 
2025-12-17 17:16:16.365 [http-nio-8092-exec-7] INFO  c.p.f.b.operationlog.aspect.ApiOperationLogAspect - ====== 请求结束: [热更新词典], 耗时: 0ms, 出参: {"headers":{"ETag":["792976474"],"Content-Type":["text/plain;charset=UTF-8"],"Last-Modified":["Tue, 16 Dec 2025 11:50:29 GMT"]},"body":"打工人\n打工魂\n社畜","statusCode":"OK","statusCodeValue":200} =================================== 
2025-12-17 17:17:19.674 [http-nio-8092-exec-10] INFO  c.p.f.b.operationlog.aspect.ApiOperationLogAspect - ====== 请求开始: [热更新词典], 入参: , 请求类: ExtDictController, 请求方法: extDict =================================== 
2025-12-17 17:17:19.675 [http-nio-8092-exec-10] INFO  c.p.f.b.operationlog.aspect.ApiOperationLogAspect - ====== 请求结束: [热更新词典], 耗时: 1ms, 出参: {"headers":{"ETag":["792976474"],"Content-Type":["text/plain;charset=UTF-8"],"Last-Modified":["Tue, 16 Dec 2025 11:50:29 GMT"]},"body":"打工人\n打工魂\n社畜","statusCode":"OK","statusCodeValue":200} =================================== 
2025-12-17 17:17:37.622 [Thread-28] WARN  com.alibaba.nacos.common.notify.NotifyCenter - [NotifyCenter] Start destroying Publisher
2025-12-17 17:17:37.622 [Thread-3] WARN  c.alibaba.nacos.common.executor.ThreadPoolManager - [ThreadPoolManager] Start destroying ThreadPool
2025-12-17 17:17:37.622 [Thread-28] WARN  com.alibaba.nacos.common.notify.NotifyCenter - [NotifyCenter] Destruction of the end
2025-12-17 17:17:37.622 [Thread-30] WARN  c.alibaba.nacos.common.http.HttpClientBeanHolder - [HttpClientBeanHolder] Start destroying common HttpClient
2025-12-17 17:17:37.622 [Thread-3] WARN  c.alibaba.nacos.common.executor.ThreadPoolManager - [ThreadPoolManager] Destruction of the end
2025-12-17 17:17:37.623 [Thread-30] WARN  c.alibaba.nacos.common.http.HttpClientBeanHolder - [HttpClientBeanHolder] Destruction of the end
2025-12-17 17:17:37.623 [SpringApplicationShutdownHook] INFO  c.a.cloud.nacos.registry.NacosServiceRegistry - De-registering from Nacos Server now...
2025-12-17 17:17:37.627 [SpringApplicationShutdownHook] INFO  c.a.cloud.nacos.registry.NacosServiceRegistry - De-registration finished.
2025-12-17 17:17:39.589 [main] INFO  com.alibaba.nacos.client.logging.NacosLogging - Nacos Logging Adapter Builder: com.alibaba.nacos.logger.adapter.logback12.LogbackNacosLoggingAdapterBuilder
2025-12-17 17:17:39.592 [main] INFO  com.alibaba.nacos.client.logging.NacosLogging - Nacos Logging Adapter Builder: com.alibaba.nacos.logger.adapter.logback14.LogbackNacosLoggingAdapterBuilder
2025-12-17 17:17:39.593 [main] INFO  com.alibaba.nacos.client.logging.NacosLogging - Nacos Logging Adapter: com.alibaba.nacos.logger.adapter.logback14.LogbackNacosLoggingAdapter match ch.qos.logback.classic.Logger success.
2025-12-17 17:17:39.599 [main] INFO  com.alibaba.nacos.client.logging.NacosLogging - Nacos Logging Adapter Builder: com.alibaba.nacos.logger.adapter.log4j2.Log4j2NacosLoggingAdapterBuilder
2025-12-17 17:17:40.000 [main] INFO  c.p.xiaohashu.search.XiaohashuSearchApplication - The following 1 profile is active: "dev"
2025-12-17 17:17:40.361 [main] INFO  o.springframework.cloud.context.scope.GenericScope - BeanFactory id=98854d4d-b50f-3f95-93b2-ad1f7aa215d9
2025-12-17 17:17:40.576 [main] INFO  o.s.boot.web.embedded.tomcat.TomcatWebServer - Tomcat initialized with port(s): 8092 (http)
2025-12-17 17:17:40.576 [main] INFO  org.apache.catalina.core.AprLifecycleListener - Loaded Apache Tomcat Native library [2.0.8] using APR version [1.7.4].
2025-12-17 17:17:40.579 [main] INFO  org.apache.catalina.core.AprLifecycleListener - OpenSSL successfully initialized [OpenSSL 3.0.14 4 Jun 2024]
2025-12-17 17:17:40.584 [main] INFO  org.apache.catalina.core.StandardService - Starting service [Tomcat]
2025-12-17 17:17:40.584 [main] INFO  org.apache.catalina.core.StandardEngine - Starting Servlet engine: [Apache Tomcat/10.1.5]
2025-12-17 17:17:40.639 [main] INFO  o.a.c.core.ContainerBase.[Tomcat].[localhost].[/] - Initializing Spring embedded WebApplicationContext
2025-12-17 17:17:40.639 [main] INFO  o.s.b.w.s.c.ServletWebServerApplicationContext - Root WebApplicationContext: initialization completed in 626 ms
2025-12-17 17:17:40.873 [main] INFO  c.a.d.s.b.a.DruidDataSourceAutoConfigure - Init DruidDataSource
2025-12-17 17:17:41.102 [main] INFO  com.alibaba.druid.pool.DruidDataSource - {dataSource-1} inited
2025-12-17 17:17:41.727 [main] INFO  o.s.boot.web.embedded.tomcat.TomcatWebServer - Tomcat started on port(s): 8092 (http) with context path ''
2025-12-17 17:17:41.752 [main] INFO  c.a.n.p.auth.spi.client.ClientAuthPluginManager - [ClientAuthPluginManager] Load ClientAuthService com.alibaba.nacos.client.auth.impl.NacosClientAuthServiceImpl success.
2025-12-17 17:17:41.752 [main] INFO  c.a.n.p.auth.spi.client.ClientAuthPluginManager - [ClientAuthPluginManager] Load ClientAuthService com.alibaba.nacos.client.auth.ram.RamClientAuthServiceImpl success.
2025-12-17 17:17:42.247 [main] INFO  c.a.n.common.ability.AbstractAbilityControlManager - Ready to get current node abilities...
2025-12-17 17:17:42.248 [main] INFO  c.a.n.common.ability.AbstractAbilityControlManager - Ready to initialize current node abilities, support modes: [SDK_CLIENT]
2025-12-17 17:17:42.249 [main] INFO  c.a.n.common.ability.AbstractAbilityControlManager - Initialize current abilities finish...
2025-12-17 17:17:42.249 [main] INFO  c.a.n.c.ability.discover.NacosAbilityManagerHolder - [AbilityControlManager] Successfully initialize AbilityControlManager
2025-12-17 17:17:42.276 [main] INFO  c.a.cloud.nacos.registry.NacosServiceRegistry - nacos registry, DEFAULT_GROUP xiaohashu-search 10.12.41.102:8092 register finished
2025-12-17 17:17:42.373 [main] INFO  c.p.xiaohashu.search.XiaohashuSearchApplication - Started XiaohashuSearchApplication in 3.216 seconds (process running for 3.566)
2025-12-17 17:18:23.173 [http-nio-8092-exec-1] INFO  o.a.c.core.ContainerBase.[Tomcat].[localhost].[/] - Initializing Spring DispatcherServlet 'dispatcherServlet'
2025-12-17 17:18:23.173 [http-nio-8092-exec-1] INFO  org.springframework.web.servlet.DispatcherServlet - Initializing Servlet 'dispatcherServlet'
2025-12-17 17:18:23.174 [http-nio-8092-exec-1] INFO  org.springframework.web.servlet.DispatcherServlet - Completed initialization in 0 ms
2025-12-17 17:18:23.195 [http-nio-8092-exec-1] INFO  c.p.f.b.operationlog.aspect.ApiOperationLogAspect - ====== 请求开始: [热更新词典], 入参: , 请求类: ExtDictController, 请求方法: extDict =================================== 
2025-12-17 17:18:23.219 [http-nio-8092-exec-1] INFO  c.p.f.b.operationlog.aspect.ApiOperationLogAspect - ====== 请求结束: [热更新词典], 耗时: 11ms, 出参: {"headers":{"ETag":["792976474"],"Content-Type":["text/plain;charset=UTF-8"],"Last-Modified":["Tue, 16 Dec 2025 11:50:29 GMT"]},"body":"打工人\n打工魂\n社畜","statusCode":"OK","statusCodeValue":200} =================================== 
2025-12-17 17:19:26.344 [http-nio-8092-exec-3] INFO  c.p.f.b.operationlog.aspect.ApiOperationLogAspect - ====== 请求开始: [热更新词典], 入参: , 请求类: ExtDictController, 请求方法: extDict =================================== 
2025-12-17 17:19:26.345 [http-nio-8092-exec-3] INFO  c.p.f.b.operationlog.aspect.ApiOperationLogAspect - ====== 请求结束: [热更新词典], 耗时: 1ms, 出参: {"headers":{"ETag":["792976474"],"Content-Type":["text/plain;charset=UTF-8"],"Last-Modified":["Tue, 16 Dec 2025 11:50:29 GMT"]},"body":"打工人\n打工魂\n社畜","statusCode":"OK","statusCodeValue":200} =================================== 
2025-12-17 17:20:29.729 [http-nio-8092-exec-5] INFO  c.p.f.b.operationlog.aspect.ApiOperationLogAspect - ====== 请求开始: [热更新词典], 入参: , 请求类: ExtDictController, 请求方法: extDict =================================== 
2025-12-17 17:20:29.730 [http-nio-8092-exec-5] INFO  c.p.f.b.operationlog.aspect.ApiOperationLogAspect - ====== 请求结束: [热更新词典], 耗时: 1ms, 出参: {"headers":{"ETag":["792976474"],"Content-Type":["text/plain;charset=UTF-8"],"Last-Modified":["Tue, 16 Dec 2025 11:50:29 GMT"]},"body":"打工人\n打工魂\n社畜","statusCode":"OK","statusCodeValue":200} =================================== 
2025-12-17 17:21:33.032 [http-nio-8092-exec-8] INFO  c.p.f.b.operationlog.aspect.ApiOperationLogAspect - ====== 请求开始: [热更新词典], 入参: , 请求类: ExtDictController, 请求方法: extDict =================================== 
2025-12-17 17:21:33.033 [http-nio-8092-exec-8] INFO  c.p.f.b.operationlog.aspect.ApiOperationLogAspect - ====== 请求结束: [热更新词典], 耗时: 1ms, 出参: {"headers":{"ETag":["792976474"],"Content-Type":["text/plain;charset=UTF-8"],"Last-Modified":["Tue, 16 Dec 2025 11:50:29 GMT"]},"body":"打工人\n打工魂\n社畜","statusCode":"OK","statusCodeValue":200} =================================== 
2025-12-17 17:22:36.460 [http-nio-8092-exec-10] INFO  c.p.f.b.operationlog.aspect.ApiOperationLogAspect - ====== 请求开始: [热更新词典], 入参: , 请求类: ExtDictController, 请求方法: extDict =================================== 
2025-12-17 17:22:36.460 [http-nio-8092-exec-10] INFO  c.p.f.b.operationlog.aspect.ApiOperationLogAspect - ====== 请求结束: [热更新词典], 耗时: 0ms, 出参: {"headers":{"ETag":["792976474"],"Content-Type":["text/plain;charset=UTF-8"],"Last-Modified":["Tue, 16 Dec 2025 11:50:29 GMT"]},"body":"打工人\n打工魂\n社畜","statusCode":"OK","statusCodeValue":200} =================================== 
2025-12-17 17:23:39.760 [http-nio-8092-exec-1] INFO  c.p.f.b.operationlog.aspect.ApiOperationLogAspect - ====== 请求开始: [热更新词典], 入参: , 请求类: ExtDictController, 请求方法: extDict =================================== 
2025-12-17 17:23:39.761 [http-nio-8092-exec-1] INFO  c.p.f.b.operationlog.aspect.ApiOperationLogAspect - ====== 请求结束: [热更新词典], 耗时: 1ms, 出参: {"headers":{"ETag":["792976474"],"Content-Type":["text/plain;charset=UTF-8"],"Last-Modified":["Tue, 16 Dec 2025 11:50:29 GMT"]},"body":"打工人\n打工魂\n社畜","statusCode":"OK","statusCodeValue":200} =================================== 
2025-12-17 17:24:37.610 [Thread-28] WARN  com.alibaba.nacos.common.notify.NotifyCenter - [NotifyCenter] Start destroying Publisher
2025-12-17 17:24:37.610 [Thread-3] WARN  c.alibaba.nacos.common.executor.ThreadPoolManager - [ThreadPoolManager] Start destroying ThreadPool
2025-12-17 17:24:37.610 [Thread-30] WARN  c.alibaba.nacos.common.http.HttpClientBeanHolder - [HttpClientBeanHolder] Start destroying common HttpClient
2025-12-17 17:24:37.611 [Thread-28] WARN  com.alibaba.nacos.common.notify.NotifyCenter - [NotifyCenter] Destruction of the end
2025-12-17 17:24:37.611 [Thread-3] WARN  c.alibaba.nacos.common.executor.ThreadPoolManager - [ThreadPoolManager] Destruction of the end
2025-12-17 17:24:37.611 [Thread-30] WARN  c.alibaba.nacos.common.http.HttpClientBeanHolder - [HttpClientBeanHolder] Destruction of the end
2025-12-17 17:24:37.612 [SpringApplicationShutdownHook] INFO  c.a.cloud.nacos.registry.NacosServiceRegistry - De-registering from Nacos Server now...
2025-12-17 17:24:37.618 [SpringApplicationShutdownHook] INFO  c.a.cloud.nacos.registry.NacosServiceRegistry - De-registration finished.
2025-12-17 17:24:39.521 [main] INFO  com.alibaba.nacos.client.logging.NacosLogging - Nacos Logging Adapter Builder: com.alibaba.nacos.logger.adapter.logback12.LogbackNacosLoggingAdapterBuilder
2025-12-17 17:24:39.524 [main] INFO  com.alibaba.nacos.client.logging.NacosLogging - Nacos Logging Adapter Builder: com.alibaba.nacos.logger.adapter.logback14.LogbackNacosLoggingAdapterBuilder
2025-12-17 17:24:39.525 [main] INFO  com.alibaba.nacos.client.logging.NacosLogging - Nacos Logging Adapter: com.alibaba.nacos.logger.adapter.logback14.LogbackNacosLoggingAdapter match ch.qos.logback.classic.Logger success.
2025-12-17 17:24:39.530 [main] INFO  com.alibaba.nacos.client.logging.NacosLogging - Nacos Logging Adapter Builder: com.alibaba.nacos.logger.adapter.log4j2.Log4j2NacosLoggingAdapterBuilder
2025-12-17 17:24:39.916 [main] INFO  c.p.xiaohashu.search.XiaohashuSearchApplication - The following 1 profile is active: "dev"
2025-12-17 17:24:40.278 [main] INFO  o.springframework.cloud.context.scope.GenericScope - BeanFactory id=98854d4d-b50f-3f95-93b2-ad1f7aa215d9
2025-12-17 17:24:40.503 [main] INFO  o.s.boot.web.embedded.tomcat.TomcatWebServer - Tomcat initialized with port(s): 8092 (http)
2025-12-17 17:24:40.504 [main] INFO  org.apache.catalina.core.AprLifecycleListener - Loaded Apache Tomcat Native library [2.0.8] using APR version [1.7.4].
2025-12-17 17:24:40.506 [main] INFO  org.apache.catalina.core.AprLifecycleListener - OpenSSL successfully initialized [OpenSSL 3.0.14 4 Jun 2024]
2025-12-17 17:24:40.511 [main] INFO  org.apache.catalina.core.StandardService - Starting service [Tomcat]
2025-12-17 17:24:40.512 [main] INFO  org.apache.catalina.core.StandardEngine - Starting Servlet engine: [Apache Tomcat/10.1.5]
2025-12-17 17:24:40.570 [main] INFO  o.a.c.core.ContainerBase.[Tomcat].[localhost].[/] - Initializing Spring embedded WebApplicationContext
2025-12-17 17:24:40.570 [main] INFO  o.s.b.w.s.c.ServletWebServerApplicationContext - Root WebApplicationContext: initialization completed in 641 ms
2025-12-17 17:24:40.805 [main] INFO  c.a.d.s.b.a.DruidDataSourceAutoConfigure - Init DruidDataSource
2025-12-17 17:24:41.031 [main] INFO  com.alibaba.druid.pool.DruidDataSource - {dataSource-1} inited
2025-12-17 17:24:41.628 [main] INFO  o.s.boot.web.embedded.tomcat.TomcatWebServer - Tomcat started on port(s): 8092 (http) with context path ''
2025-12-17 17:24:41.654 [main] INFO  c.a.n.p.auth.spi.client.ClientAuthPluginManager - [ClientAuthPluginManager] Load ClientAuthService com.alibaba.nacos.client.auth.impl.NacosClientAuthServiceImpl success.
2025-12-17 17:24:41.654 [main] INFO  c.a.n.p.auth.spi.client.ClientAuthPluginManager - [ClientAuthPluginManager] Load ClientAuthService com.alibaba.nacos.client.auth.ram.RamClientAuthServiceImpl success.
2025-12-17 17:24:42.175 [main] INFO  c.a.n.common.ability.AbstractAbilityControlManager - Ready to get current node abilities...
2025-12-17 17:24:42.176 [main] INFO  c.a.n.common.ability.AbstractAbilityControlManager - Ready to initialize current node abilities, support modes: [SDK_CLIENT]
2025-12-17 17:24:42.176 [main] INFO  c.a.n.common.ability.AbstractAbilityControlManager - Initialize current abilities finish...
2025-12-17 17:24:42.177 [main] INFO  c.a.n.c.ability.discover.NacosAbilityManagerHolder - [AbilityControlManager] Successfully initialize AbilityControlManager
2025-12-17 17:24:42.201 [main] INFO  c.a.cloud.nacos.registry.NacosServiceRegistry - nacos registry, DEFAULT_GROUP xiaohashu-search 10.12.41.102:8092 register finished
2025-12-17 17:24:42.284 [main] INFO  c.p.xiaohashu.search.XiaohashuSearchApplication - Started XiaohashuSearchApplication in 3.171 seconds (process running for 3.496)
2025-12-17 17:24:43.187 [http-nio-8092-exec-1] INFO  o.a.c.core.ContainerBase.[Tomcat].[localhost].[/] - Initializing Spring DispatcherServlet 'dispatcherServlet'
2025-12-17 17:24:43.189 [http-nio-8092-exec-1] INFO  org.springframework.web.servlet.DispatcherServlet - Initializing Servlet 'dispatcherServlet'
2025-12-17 17:24:43.189 [http-nio-8092-exec-1] INFO  org.springframework.web.servlet.DispatcherServlet - Completed initialization in 0 ms
2025-12-17 17:24:43.207 [http-nio-8092-exec-1] INFO  c.p.f.b.operationlog.aspect.ApiOperationLogAspect - ====== 请求开始: [热更新词典], 入参: , 请求类: ExtDictController, 请求方法: extDict =================================== 
2025-12-17 17:24:43.223 [http-nio-8092-exec-1] INFO  c.p.f.b.operationlog.aspect.ApiOperationLogAspect - ====== 请求结束: [热更新词典], 耗时: 9ms, 出参: {"headers":{"ETag":["792976474"],"Content-Type":["text/plain;charset=UTF-8"],"Last-Modified":["Tue, 16 Dec 2025 11:50:29 GMT"]},"body":"打工人\n打工魂\n社畜","statusCode":"OK","statusCodeValue":200} =================================== 
2025-12-17 17:25:46.496 [http-nio-8092-exec-2] INFO  c.p.f.b.operationlog.aspect.ApiOperationLogAspect - ====== 请求开始: [热更新词典], 入参: , 请求类: ExtDictController, 请求方法: extDict =================================== 
2025-12-17 17:25:46.496 [http-nio-8092-exec-2] INFO  c.p.f.b.operationlog.aspect.ApiOperationLogAspect - ====== 请求结束: [热更新词典], 耗时: 0ms, 出参: {"headers":{"ETag":["792976474"],"Content-Type":["text/plain;charset=UTF-8"],"Last-Modified":["Tue, 16 Dec 2025 11:50:29 GMT"]},"body":"打工人\n打工魂\n社畜","statusCode":"OK","statusCodeValue":200} =================================== 
2025-12-17 17:26:49.876 [http-nio-8092-exec-9] INFO  c.p.f.b.operationlog.aspect.ApiOperationLogAspect - ====== 请求开始: [热更新词典], 入参: , 请求类: ExtDictController, 请求方法: extDict =================================== 
2025-12-17 17:26:49.877 [http-nio-8092-exec-9] INFO  c.p.f.b.operationlog.aspect.ApiOperationLogAspect - ====== 请求结束: [热更新词典], 耗时: 0ms, 出参: {"headers":{"ETag":["792976474"],"Content-Type":["text/plain;charset=UTF-8"],"Last-Modified":["Tue, 16 Dec 2025 11:50:29 GMT"]},"body":"打工人\n打工魂\n社畜","statusCode":"OK","statusCodeValue":200} =================================== 
2025-12-17 17:27:53.238 [http-nio-8092-exec-7] INFO  c.p.f.b.operationlog.aspect.ApiOperationLogAspect - ====== 请求开始: [热更新词典], 入参: , 请求类: ExtDictController, 请求方法: extDict =================================== 
2025-12-17 17:27:53.239 [http-nio-8092-exec-7] INFO  c.p.f.b.operationlog.aspect.ApiOperationLogAspect - ====== 请求结束: [热更新词典], 耗时: 0ms, 出参: {"headers":{"ETag":["792976474"],"Content-Type":["text/plain;charset=UTF-8"],"Last-Modified":["Tue, 16 Dec 2025 11:50:29 GMT"]},"body":"打工人\n打工魂\n社畜","statusCode":"OK","statusCodeValue":200} =================================== 
2025-12-17 17:28:54.548 [Thread-3] WARN  c.alibaba.nacos.common.executor.ThreadPoolManager - [ThreadPoolManager] Start destroying ThreadPool
2025-12-17 17:28:54.548 [Thread-28] WARN  com.alibaba.nacos.common.notify.NotifyCenter - [NotifyCenter] Start destroying Publisher
2025-12-17 17:28:54.548 [Thread-30] WARN  c.alibaba.nacos.common.http.HttpClientBeanHolder - [HttpClientBeanHolder] Start destroying common HttpClient
2025-12-17 17:28:54.548 [Thread-28] WARN  com.alibaba.nacos.common.notify.NotifyCenter - [NotifyCenter] Destruction of the end
2025-12-17 17:28:54.549 [Thread-3] WARN  c.alibaba.nacos.common.executor.ThreadPoolManager - [ThreadPoolManager] Destruction of the end
2025-12-17 17:28:54.549 [Thread-30] WARN  c.alibaba.nacos.common.http.HttpClientBeanHolder - [HttpClientBeanHolder] Destruction of the end
2025-12-17 17:28:54.550 [SpringApplicationShutdownHook] INFO  c.a.cloud.nacos.registry.NacosServiceRegistry - De-registering from Nacos Server now...
2025-12-17 17:28:54.556 [SpringApplicationShutdownHook] INFO  c.a.cloud.nacos.registry.NacosServiceRegistry - De-registration finished.
2025-12-17 17:28:56.335 [main] INFO  com.alibaba.nacos.client.logging.NacosLogging - Nacos Logging Adapter Builder: com.alibaba.nacos.logger.adapter.logback12.LogbackNacosLoggingAdapterBuilder
2025-12-17 17:28:56.337 [main] INFO  com.alibaba.nacos.client.logging.NacosLogging - Nacos Logging Adapter Builder: com.alibaba.nacos.logger.adapter.logback14.LogbackNacosLoggingAdapterBuilder
2025-12-17 17:28:56.338 [main] INFO  com.alibaba.nacos.client.logging.NacosLogging - Nacos Logging Adapter: com.alibaba.nacos.logger.adapter.logback14.LogbackNacosLoggingAdapter match ch.qos.logback.classic.Logger success.
2025-12-17 17:28:56.345 [main] INFO  com.alibaba.nacos.client.logging.NacosLogging - Nacos Logging Adapter Builder: com.alibaba.nacos.logger.adapter.log4j2.Log4j2NacosLoggingAdapterBuilder
2025-12-17 17:28:56.740 [main] INFO  c.p.xiaohashu.search.XiaohashuSearchApplication - The following 1 profile is active: "dev"
2025-12-17 17:28:57.107 [main] INFO  o.springframework.cloud.context.scope.GenericScope - BeanFactory id=98854d4d-b50f-3f95-93b2-ad1f7aa215d9
2025-12-17 17:28:57.330 [main] INFO  o.s.boot.web.embedded.tomcat.TomcatWebServer - Tomcat initialized with port(s): 8092 (http)
2025-12-17 17:28:57.330 [main] INFO  org.apache.catalina.core.AprLifecycleListener - Loaded Apache Tomcat Native library [2.0.8] using APR version [1.7.4].
2025-12-17 17:28:57.333 [main] INFO  org.apache.catalina.core.AprLifecycleListener - OpenSSL successfully initialized [OpenSSL 3.0.14 4 Jun 2024]
2025-12-17 17:28:57.338 [main] INFO  org.apache.catalina.core.StandardService - Starting service [Tomcat]
2025-12-17 17:28:57.338 [main] INFO  org.apache.catalina.core.StandardEngine - Starting Servlet engine: [Apache Tomcat/10.1.5]
2025-12-17 17:28:57.396 [main] INFO  o.a.c.core.ContainerBase.[Tomcat].[localhost].[/] - Initializing Spring embedded WebApplicationContext
2025-12-17 17:28:57.396 [main] INFO  o.s.b.w.s.c.ServletWebServerApplicationContext - Root WebApplicationContext: initialization completed in 646 ms
2025-12-17 17:28:57.638 [main] INFO  c.a.d.s.b.a.DruidDataSourceAutoConfigure - Init DruidDataSource
2025-12-17 17:28:57.875 [main] INFO  com.alibaba.druid.pool.DruidDataSource - {dataSource-1} inited
2025-12-17 17:28:58.457 [main] INFO  o.s.boot.web.embedded.tomcat.TomcatWebServer - Tomcat started on port(s): 8092 (http) with context path ''
2025-12-17 17:28:58.482 [main] INFO  c.a.n.p.auth.spi.client.ClientAuthPluginManager - [ClientAuthPluginManager] Load ClientAuthService com.alibaba.nacos.client.auth.impl.NacosClientAuthServiceImpl success.
2025-12-17 17:28:58.482 [main] INFO  c.a.n.p.auth.spi.client.ClientAuthPluginManager - [ClientAuthPluginManager] Load ClientAuthService com.alibaba.nacos.client.auth.ram.RamClientAuthServiceImpl success.
2025-12-17 17:28:58.966 [main] INFO  c.a.n.common.ability.AbstractAbilityControlManager - Ready to get current node abilities...
2025-12-17 17:28:58.967 [main] INFO  c.a.n.common.ability.AbstractAbilityControlManager - Ready to initialize current node abilities, support modes: [SDK_CLIENT]
2025-12-17 17:28:58.967 [main] INFO  c.a.n.common.ability.AbstractAbilityControlManager - Initialize current abilities finish...
2025-12-17 17:28:58.967 [main] INFO  c.a.n.c.ability.discover.NacosAbilityManagerHolder - [AbilityControlManager] Successfully initialize AbilityControlManager
2025-12-17 17:28:58.994 [main] INFO  c.a.cloud.nacos.registry.NacosServiceRegistry - nacos registry, DEFAULT_GROUP xiaohashu-search 10.12.41.102:8092 register finished
2025-12-17 17:28:59.079 [main] INFO  c.p.xiaohashu.search.XiaohashuSearchApplication - Started XiaohashuSearchApplication in 3.177 seconds (process running for 3.507)
2025-12-17 17:30:00.051 [http-nio-8092-exec-1] INFO  o.a.c.core.ContainerBase.[Tomcat].[localhost].[/] - Initializing Spring DispatcherServlet 'dispatcherServlet'
2025-12-17 17:30:00.051 [http-nio-8092-exec-1] INFO  org.springframework.web.servlet.DispatcherServlet - Initializing Servlet 'dispatcherServlet'
2025-12-17 17:30:00.052 [http-nio-8092-exec-1] INFO  org.springframework.web.servlet.DispatcherServlet - Completed initialization in 0 ms
2025-12-17 17:30:00.077 [http-nio-8092-exec-1] INFO  c.p.f.b.operationlog.aspect.ApiOperationLogAspect - ====== 请求开始: [热更新词典], 入参: , 请求类: ExtDictController, 请求方法: extDict =================================== 
2025-12-17 17:30:00.100 [http-nio-8092-exec-1] INFO  c.p.f.b.operationlog.aspect.ApiOperationLogAspect - ====== 请求结束: [热更新词典], 耗时: 10ms, 出参: {"headers":{"ETag":["792976474"],"Content-Type":["text/plain;charset=UTF-8"],"Last-Modified":["Tue, 16 Dec 2025 11:50:29 GMT"]},"body":"打工人\n打工魂\n社畜","statusCode":"OK","statusCodeValue":200} =================================== 
2025-12-17 17:30:11.289 [Thread-3] WARN  c.alibaba.nacos.common.executor.ThreadPoolManager - [ThreadPoolManager] Start destroying ThreadPool
2025-12-17 17:30:11.289 [Thread-28] WARN  com.alibaba.nacos.common.notify.NotifyCenter - [NotifyCenter] Start destroying Publisher
2025-12-17 17:30:11.289 [Thread-30] WARN  c.alibaba.nacos.common.http.HttpClientBeanHolder - [HttpClientBeanHolder] Start destroying common HttpClient
2025-12-17 17:30:11.289 [Thread-28] WARN  com.alibaba.nacos.common.notify.NotifyCenter - [NotifyCenter] Destruction of the end
2025-12-17 17:30:11.289 [Thread-3] WARN  c.alibaba.nacos.common.executor.ThreadPoolManager - [ThreadPoolManager] Destruction of the end
2025-12-17 17:30:11.289 [Thread-30] WARN  c.alibaba.nacos.common.http.HttpClientBeanHolder - [HttpClientBeanHolder] Destruction of the end
2025-12-17 17:30:11.290 [SpringApplicationShutdownHook] INFO  c.a.cloud.nacos.registry.NacosServiceRegistry - De-registering from Nacos Server now...
2025-12-17 17:30:11.296 [SpringApplicationShutdownHook] INFO  c.a.cloud.nacos.registry.NacosServiceRegistry - De-registration finished.
2025-12-17 17:30:13.271 [main] INFO  com.alibaba.nacos.client.logging.NacosLogging - Nacos Logging Adapter Builder: com.alibaba.nacos.logger.adapter.logback12.LogbackNacosLoggingAdapterBuilder
2025-12-17 17:30:13.275 [main] INFO  com.alibaba.nacos.client.logging.NacosLogging - Nacos Logging Adapter Builder: com.alibaba.nacos.logger.adapter.logback14.LogbackNacosLoggingAdapterBuilder
2025-12-17 17:30:13.275 [main] INFO  com.alibaba.nacos.client.logging.NacosLogging - Nacos Logging Adapter: com.alibaba.nacos.logger.adapter.logback14.LogbackNacosLoggingAdapter match ch.qos.logback.classic.Logger success.
2025-12-17 17:30:13.282 [main] INFO  com.alibaba.nacos.client.logging.NacosLogging - Nacos Logging Adapter Builder: com.alibaba.nacos.logger.adapter.log4j2.Log4j2NacosLoggingAdapterBuilder
2025-12-17 17:30:13.747 [main] INFO  c.p.xiaohashu.search.XiaohashuSearchApplication - The following 1 profile is active: "dev"
2025-12-17 17:30:14.149 [main] INFO  o.springframework.cloud.context.scope.GenericScope - BeanFactory id=98854d4d-b50f-3f95-93b2-ad1f7aa215d9
2025-12-17 17:30:14.389 [main] INFO  o.s.boot.web.embedded.tomcat.TomcatWebServer - Tomcat initialized with port(s): 8092 (http)
2025-12-17 17:30:14.389 [main] INFO  org.apache.catalina.core.AprLifecycleListener - Loaded Apache Tomcat Native library [2.0.8] using APR version [1.7.4].
2025-12-17 17:30:14.392 [main] INFO  org.apache.catalina.core.AprLifecycleListener - OpenSSL successfully initialized [OpenSSL 3.0.14 4 Jun 2024]
2025-12-17 17:30:14.397 [main] INFO  org.apache.catalina.core.StandardService - Starting service [Tomcat]
2025-12-17 17:30:14.397 [main] INFO  org.apache.catalina.core.StandardEngine - Starting Servlet engine: [Apache Tomcat/10.1.5]
2025-12-17 17:30:14.456 [main] INFO  o.a.c.core.ContainerBase.[Tomcat].[localhost].[/] - Initializing Spring embedded WebApplicationContext
2025-12-17 17:30:14.456 [main] INFO  o.s.b.w.s.c.ServletWebServerApplicationContext - Root WebApplicationContext: initialization completed in 699 ms
2025-12-17 17:30:14.716 [main] INFO  c.a.d.s.b.a.DruidDataSourceAutoConfigure - Init DruidDataSource
2025-12-17 17:30:14.950 [main] INFO  com.alibaba.druid.pool.DruidDataSource - {dataSource-1} inited
2025-12-17 17:30:15.588 [main] INFO  o.s.boot.web.embedded.tomcat.TomcatWebServer - Tomcat started on port(s): 8092 (http) with context path ''
2025-12-17 17:30:15.619 [main] INFO  c.a.n.p.auth.spi.client.ClientAuthPluginManager - [ClientAuthPluginManager] Load ClientAuthService com.alibaba.nacos.client.auth.impl.NacosClientAuthServiceImpl success.
2025-12-17 17:30:15.619 [main] INFO  c.a.n.p.auth.spi.client.ClientAuthPluginManager - [ClientAuthPluginManager] Load ClientAuthService com.alibaba.nacos.client.auth.ram.RamClientAuthServiceImpl success.
2025-12-17 17:30:16.106 [main] INFO  c.a.n.common.ability.AbstractAbilityControlManager - Ready to get current node abilities...
2025-12-17 17:30:16.107 [main] INFO  c.a.n.common.ability.AbstractAbilityControlManager - Ready to initialize current node abilities, support modes: [SDK_CLIENT]
2025-12-17 17:30:16.107 [main] INFO  c.a.n.common.ability.AbstractAbilityControlManager - Initialize current abilities finish...
2025-12-17 17:30:16.107 [main] INFO  c.a.n.c.ability.discover.NacosAbilityManagerHolder - [AbilityControlManager] Successfully initialize AbilityControlManager
2025-12-17 17:30:16.136 [main] INFO  c.a.cloud.nacos.registry.NacosServiceRegistry - nacos registry, DEFAULT_GROUP xiaohashu-search 10.12.41.102:8092 register finished
2025-12-17 17:30:16.224 [main] INFO  c.p.xiaohashu.search.XiaohashuSearchApplication - Started XiaohashuSearchApplication in 3.431 seconds (process running for 3.799)
2025-12-17 17:31:03.474 [http-nio-8092-exec-1] INFO  o.a.c.core.ContainerBase.[Tomcat].[localhost].[/] - Initializing Spring DispatcherServlet 'dispatcherServlet'
2025-12-17 17:31:03.475 [http-nio-8092-exec-1] INFO  org.springframework.web.servlet.DispatcherServlet - Initializing Servlet 'dispatcherServlet'
2025-12-17 17:31:03.475 [http-nio-8092-exec-1] INFO  org.springframework.web.servlet.DispatcherServlet - Completed initialization in 0 ms
2025-12-17 17:31:03.499 [http-nio-8092-exec-1] INFO  c.p.f.b.operationlog.aspect.ApiOperationLogAspect - ====== 请求开始: [热更新词典], 入参: , 请求类: ExtDictController, 请求方法: extDict =================================== 
2025-12-17 17:31:03.524 [http-nio-8092-exec-1] INFO  c.p.f.b.operationlog.aspect.ApiOperationLogAspect - ====== 请求结束: [热更新词典], 耗时: 10ms, 出参: {"headers":{"ETag":["792976474"],"Content-Type":["text/plain;charset=UTF-8"],"Last-Modified":["Tue, 16 Dec 2025 11:50:29 GMT"]},"body":"打工人\n打工魂\n社畜","statusCode":"OK","statusCodeValue":200} =================================== 
2025-12-17 17:32:06.797 [http-nio-8092-exec-3] INFO  c.p.f.b.operationlog.aspect.ApiOperationLogAspect - ====== 请求开始: [热更新词典], 入参: , 请求类: ExtDictController, 请求方法: extDict =================================== 
2025-12-17 17:32:06.797 [http-nio-8092-exec-3] INFO  c.p.f.b.operationlog.aspect.ApiOperationLogAspect - ====== 请求结束: [热更新词典], 耗时: 0ms, 出参: {"headers":{"ETag":["792976474"],"Content-Type":["text/plain;charset=UTF-8"],"Last-Modified":["Tue, 16 Dec 2025 11:50:29 GMT"]},"body":"打工人\n打工魂\n社畜","statusCode":"OK","statusCodeValue":200} =================================== 
2025-12-17 17:33:10.247 [http-nio-8092-exec-5] INFO  c.p.f.b.operationlog.aspect.ApiOperationLogAspect - ====== 请求开始: [热更新词典], 入参: , 请求类: ExtDictController, 请求方法: extDict =================================== 
2025-12-17 17:33:10.247 [http-nio-8092-exec-5] INFO  c.p.f.b.operationlog.aspect.ApiOperationLogAspect - ====== 请求结束: [热更新词典], 耗时: 0ms, 出参: {"headers":{"ETag":["792976474"],"Content-Type":["text/plain;charset=UTF-8"],"Last-Modified":["Tue, 16 Dec 2025 11:50:29 GMT"]},"body":"打工人\n打工魂\n社畜","statusCode":"OK","statusCodeValue":200} =================================== 
2025-12-17 17:34:08.145 [Thread-28] WARN  com.alibaba.nacos.common.notify.NotifyCenter - [NotifyCenter] Start destroying Publisher
2025-12-17 17:34:08.145 [Thread-3] WARN  c.alibaba.nacos.common.executor.ThreadPoolManager - [ThreadPoolManager] Start destroying ThreadPool
2025-12-17 17:34:08.145 [Thread-28] WARN  com.alibaba.nacos.common.notify.NotifyCenter - [NotifyCenter] Destruction of the end
2025-12-17 17:34:08.145 [Thread-30] WARN  c.alibaba.nacos.common.http.HttpClientBeanHolder - [HttpClientBeanHolder] Start destroying common HttpClient
2025-12-17 17:34:08.145 [Thread-3] WARN  c.alibaba.nacos.common.executor.ThreadPoolManager - [ThreadPoolManager] Destruction of the end
2025-12-17 17:34:08.145 [Thread-30] WARN  c.alibaba.nacos.common.http.HttpClientBeanHolder - [HttpClientBeanHolder] Destruction of the end
2025-12-17 17:34:08.146 [SpringApplicationShutdownHook] INFO  c.a.cloud.nacos.registry.NacosServiceRegistry - De-registering from Nacos Server now...
2025-12-17 17:34:08.150 [SpringApplicationShutdownHook] INFO  c.a.cloud.nacos.registry.NacosServiceRegistry - De-registration finished.
2025-12-17 17:34:09.976 [main] INFO  com.alibaba.nacos.client.logging.NacosLogging - Nacos Logging Adapter Builder: com.alibaba.nacos.logger.adapter.logback12.LogbackNacosLoggingAdapterBuilder
2025-12-17 17:34:09.979 [main] INFO  com.alibaba.nacos.client.logging.NacosLogging - Nacos Logging Adapter Builder: com.alibaba.nacos.logger.adapter.logback14.LogbackNacosLoggingAdapterBuilder
2025-12-17 17:34:09.979 [main] INFO  com.alibaba.nacos.client.logging.NacosLogging - Nacos Logging Adapter: com.alibaba.nacos.logger.adapter.logback14.LogbackNacosLoggingAdapter match ch.qos.logback.classic.Logger success.
2025-12-17 17:34:09.987 [main] INFO  com.alibaba.nacos.client.logging.NacosLogging - Nacos Logging Adapter Builder: com.alibaba.nacos.logger.adapter.log4j2.Log4j2NacosLoggingAdapterBuilder
2025-12-17 17:34:10.419 [main] INFO  c.p.xiaohashu.search.XiaohashuSearchApplication - The following 1 profile is active: "dev"
2025-12-17 17:34:10.804 [main] INFO  o.springframework.cloud.context.scope.GenericScope - BeanFactory id=98854d4d-b50f-3f95-93b2-ad1f7aa215d9
2025-12-17 17:34:11.026 [main] INFO  o.s.boot.web.embedded.tomcat.TomcatWebServer - Tomcat initialized with port(s): 8092 (http)
2025-12-17 17:34:11.026 [main] INFO  org.apache.catalina.core.AprLifecycleListener - Loaded Apache Tomcat Native library [2.0.8] using APR version [1.7.4].
2025-12-17 17:34:11.029 [main] INFO  org.apache.catalina.core.AprLifecycleListener - OpenSSL successfully initialized [OpenSSL 3.0.14 4 Jun 2024]
2025-12-17 17:34:11.034 [main] INFO  org.apache.catalina.core.StandardService - Starting service [Tomcat]
2025-12-17 17:34:11.034 [main] INFO  org.apache.catalina.core.StandardEngine - Starting Servlet engine: [Apache Tomcat/10.1.5]
2025-12-17 17:34:11.095 [main] INFO  o.a.c.core.ContainerBase.[Tomcat].[localhost].[/] - Initializing Spring embedded WebApplicationContext
2025-12-17 17:34:11.095 [main] INFO  o.s.b.w.s.c.ServletWebServerApplicationContext - Root WebApplicationContext: initialization completed in 658 ms
2025-12-17 17:34:11.343 [main] INFO  c.a.d.s.b.a.DruidDataSourceAutoConfigure - Init DruidDataSource
2025-12-17 17:34:11.573 [main] INFO  com.alibaba.druid.pool.DruidDataSource - {dataSource-1} inited
2025-12-17 17:34:12.210 [main] INFO  o.s.boot.web.embedded.tomcat.TomcatWebServer - Tomcat started on port(s): 8092 (http) with context path ''
2025-12-17 17:34:12.238 [main] INFO  c.a.n.p.auth.spi.client.ClientAuthPluginManager - [ClientAuthPluginManager] Load ClientAuthService com.alibaba.nacos.client.auth.impl.NacosClientAuthServiceImpl success.
2025-12-17 17:34:12.238 [main] INFO  c.a.n.p.auth.spi.client.ClientAuthPluginManager - [ClientAuthPluginManager] Load ClientAuthService com.alibaba.nacos.client.auth.ram.RamClientAuthServiceImpl success.
2025-12-17 17:34:12.730 [main] INFO  c.a.n.common.ability.AbstractAbilityControlManager - Ready to get current node abilities...
2025-12-17 17:34:12.731 [main] INFO  c.a.n.common.ability.AbstractAbilityControlManager - Ready to initialize current node abilities, support modes: [SDK_CLIENT]
2025-12-17 17:34:12.732 [main] INFO  c.a.n.common.ability.AbstractAbilityControlManager - Initialize current abilities finish...
2025-12-17 17:34:12.732 [main] INFO  c.a.n.c.ability.discover.NacosAbilityManagerHolder - [AbilityControlManager] Successfully initialize AbilityControlManager
2025-12-17 17:34:12.761 [main] INFO  c.a.cloud.nacos.registry.NacosServiceRegistry - nacos registry, DEFAULT_GROUP xiaohashu-search 10.12.41.102:8092 register finished
2025-12-17 17:34:12.846 [main] INFO  c.p.xiaohashu.search.XiaohashuSearchApplication - Started XiaohashuSearchApplication in 3.303 seconds (process running for 3.651)
2025-12-17 17:34:13.620 [http-nio-8092-exec-1] INFO  o.a.c.core.ContainerBase.[Tomcat].[localhost].[/] - Initializing Spring DispatcherServlet 'dispatcherServlet'
2025-12-17 17:34:13.620 [http-nio-8092-exec-1] INFO  org.springframework.web.servlet.DispatcherServlet - Initializing Servlet 'dispatcherServlet'
2025-12-17 17:34:13.620 [http-nio-8092-exec-1] INFO  org.springframework.web.servlet.DispatcherServlet - Completed initialization in 0 ms
2025-12-17 17:34:13.639 [http-nio-8092-exec-1] INFO  c.p.f.b.operationlog.aspect.ApiOperationLogAspect - ====== 请求开始: [热更新词典], 入参: , 请求类: ExtDictController, 请求方法: extDict =================================== 
2025-12-17 17:34:13.655 [http-nio-8092-exec-1] INFO  c.p.f.b.operationlog.aspect.ApiOperationLogAspect - ====== 请求结束: [热更新词典], 耗时: 9ms, 出参: {"headers":{"ETag":["792976474"],"Content-Type":["text/plain;charset=UTF-8"],"Last-Modified":["Tue, 16 Dec 2025 11:50:29 GMT"]},"body":"打工人\n打工魂\n社畜","statusCode":"OK","statusCodeValue":200} =================================== 
2025-12-17 17:35:16.987 [http-nio-8092-exec-3] INFO  c.p.f.b.operationlog.aspect.ApiOperationLogAspect - ====== 请求开始: [热更新词典], 入参: , 请求类: ExtDictController, 请求方法: extDict =================================== 
2025-12-17 17:35:16.987 [http-nio-8092-exec-3] INFO  c.p.f.b.operationlog.aspect.ApiOperationLogAspect - ====== 请求结束: [热更新词典], 耗时: 0ms, 出参: {"headers":{"ETag":["792976474"],"Content-Type":["text/plain;charset=UTF-8"],"Last-Modified":["Tue, 16 Dec 2025 11:50:29 GMT"]},"body":"打工人\n打工魂\n社畜","statusCode":"OK","statusCodeValue":200} =================================== 
2025-12-17 17:36:20.379 [http-nio-8092-exec-5] INFO  c.p.f.b.operationlog.aspect.ApiOperationLogAspect - ====== 请求开始: [热更新词典], 入参: , 请求类: ExtDictController, 请求方法: extDict =================================== 
2025-12-17 17:36:20.380 [http-nio-8092-exec-5] INFO  c.p.f.b.operationlog.aspect.ApiOperationLogAspect - ====== 请求结束: [热更新词典], 耗时: 0ms, 出参: {"headers":{"ETag":["792976474"],"Content-Type":["text/plain;charset=UTF-8"],"Last-Modified":["Tue, 16 Dec 2025 11:50:29 GMT"]},"body":"打工人\n打工魂\n社畜","statusCode":"OK","statusCodeValue":200} =================================== 
2025-12-17 17:37:23.728 [http-nio-8092-exec-7] INFO  c.p.f.b.operationlog.aspect.ApiOperationLogAspect - ====== 请求开始: [热更新词典], 入参: , 请求类: ExtDictController, 请求方法: extDict =================================== 
2025-12-17 17:37:23.729 [http-nio-8092-exec-7] INFO  c.p.f.b.operationlog.aspect.ApiOperationLogAspect - ====== 请求结束: [热更新词典], 耗时: 1ms, 出参: {"headers":{"ETag":["792976474"],"Content-Type":["text/plain;charset=UTF-8"],"Last-Modified":["Tue, 16 Dec 2025 11:50:29 GMT"]},"body":"打工人\n打工魂\n社畜","statusCode":"OK","statusCodeValue":200} =================================== 
2025-12-17 17:38:27.070 [http-nio-8092-exec-9] INFO  c.p.f.b.operationlog.aspect.ApiOperationLogAspect - ====== 请求开始: [热更新词典], 入参: , 请求类: ExtDictController, 请求方法: extDict =================================== 
2025-12-17 17:38:27.070 [http-nio-8092-exec-9] INFO  c.p.f.b.operationlog.aspect.ApiOperationLogAspect - ====== 请求结束: [热更新词典], 耗时: 0ms, 出参: {"headers":{"ETag":["792976474"],"Content-Type":["text/plain;charset=UTF-8"],"Last-Modified":["Tue, 16 Dec 2025 11:50:29 GMT"]},"body":"打工人\n打工魂\n社畜","statusCode":"OK","statusCodeValue":200} =================================== 
2025-12-17 17:39:04.088 [Thread-30] WARN  c.alibaba.nacos.common.http.HttpClientBeanHolder - [HttpClientBeanHolder] Start destroying common HttpClient
2025-12-17 17:39:04.088 [Thread-28] WARN  com.alibaba.nacos.common.notify.NotifyCenter - [NotifyCenter] Start destroying Publisher
2025-12-17 17:39:04.088 [Thread-3] WARN  c.alibaba.nacos.common.executor.ThreadPoolManager - [ThreadPoolManager] Start destroying ThreadPool
2025-12-17 17:39:04.088 [Thread-28] WARN  com.alibaba.nacos.common.notify.NotifyCenter - [NotifyCenter] Destruction of the end
2025-12-17 17:39:04.088 [Thread-3] WARN  c.alibaba.nacos.common.executor.ThreadPoolManager - [ThreadPoolManager] Destruction of the end
2025-12-17 17:39:04.088 [Thread-30] WARN  c.alibaba.nacos.common.http.HttpClientBeanHolder - [HttpClientBeanHolder] Destruction of the end
2025-12-17 17:39:04.089 [SpringApplicationShutdownHook] INFO  c.a.cloud.nacos.registry.NacosServiceRegistry - De-registering from Nacos Server now...
2025-12-17 17:39:04.094 [SpringApplicationShutdownHook] INFO  c.a.cloud.nacos.registry.NacosServiceRegistry - De-registration finished.
2025-12-17 17:39:14.133 [scheduling-1] ERROR com.peikol.xiaohashu.search.canal.CanalSchedule - 消费 Canal 批次数据异常
com.alibaba.otter.canal.protocol.exception.CanalClientException: java.nio.channels.ClosedByInterruptException
	at com.alibaba.otter.canal.client.impl.SimpleCanalConnector.ack(SimpleCanalConnector.java:361)
	at com.peikol.xiaohashu.search.canal.CanalSchedule.run(CanalSchedule.java:66)
	at jdk.internal.reflect.GeneratedMethodAccessor21.invoke(Unknown Source)
	at java.base/jdk.internal.reflect.DelegatingMethodAccessorImpl.invoke(DelegatingMethodAccessorImpl.java:43)
	at java.base/java.lang.reflect.Method.invoke(Method.java:568)
	at org.springframework.scheduling.support.ScheduledMethodRunnable.run(ScheduledMethodRunnable.java:84)
	at org.springframework.scheduling.support.DelegatingErrorHandlingRunnable.run(DelegatingErrorHandlingRunnable.java:54)
	at java.base/java.util.concurrent.Executors$RunnableAdapter.call(Executors.java:539)
	at java.base/java.util.concurrent.FutureTask.runAndReset(FutureTask.java:305)
	at java.base/java.util.concurrent.ScheduledThreadPoolExecutor$ScheduledFutureTask.run(ScheduledThreadPoolExecutor.java:305)
	at java.base/java.util.concurrent.ThreadPoolExecutor.runWorker(ThreadPoolExecutor.java:1136)
	at java.base/java.util.concurrent.ThreadPoolExecutor$Worker.run(ThreadPoolExecutor.java:635)
	at java.base/java.lang.Thread.run(Thread.java:842)
Caused by: java.nio.channels.ClosedByInterruptException: null
	at java.base/java.nio.channels.spi.AbstractInterruptibleChannel.end(AbstractInterruptibleChannel.java:199)
	at java.base/java.nio.channels.Channels$WritableByteChannelImpl.write(Channels.java:465)
	at com.alibaba.otter.canal.client.impl.SimpleCanalConnector.writeWithHeader(SimpleCanalConnector.java:405)
	at com.alibaba.otter.canal.client.impl.SimpleCanalConnector.writeWithHeader(SimpleCanalConnector.java:393)
	at com.alibaba.otter.canal.client.impl.SimpleCanalConnector.ack(SimpleCanalConnector.java:355)
	... 12 common frames omitted
2025-12-17 17:39:14.135 [scheduling-1] ERROR o.s.s.support.TaskUtils$LoggingErrorHandler - Unexpected error occurred in scheduled task
com.alibaba.otter.canal.protocol.exception.CanalClientException: java.nio.channels.ClosedChannelException
	at com.alibaba.otter.canal.client.impl.SimpleCanalConnector.rollback(SimpleCanalConnector.java:380)
	at com.peikol.xiaohashu.search.canal.CanalSchedule.run(CanalSchedule.java:70)
	at jdk.internal.reflect.GeneratedMethodAccessor21.invoke(Unknown Source)
	at java.base/jdk.internal.reflect.DelegatingMethodAccessorImpl.invoke(DelegatingMethodAccessorImpl.java:43)
	at java.base/java.lang.reflect.Method.invoke(Method.java:568)
	at org.springframework.scheduling.support.ScheduledMethodRunnable.run(ScheduledMethodRunnable.java:84)
	at org.springframework.scheduling.support.DelegatingErrorHandlingRunnable.run(DelegatingErrorHandlingRunnable.java:54)
	at java.base/java.util.concurrent.Executors$RunnableAdapter.call(Executors.java:539)
	at java.base/java.util.concurrent.FutureTask.runAndReset(FutureTask.java:305)
	at java.base/java.util.concurrent.ScheduledThreadPoolExecutor$ScheduledFutureTask.run(ScheduledThreadPoolExecutor.java:305)
	at java.base/java.util.concurrent.ThreadPoolExecutor.runWorker(ThreadPoolExecutor.java:1136)
	at java.base/java.util.concurrent.ThreadPoolExecutor$Worker.run(ThreadPoolExecutor.java:635)
	at java.base/java.lang.Thread.run(Thread.java:842)
Caused by: java.nio.channels.ClosedChannelException: null
	at java.base/java.nio.channels.Channels$WritableByteChannelImpl.write(Channels.java:449)
	at com.alibaba.otter.canal.client.impl.SimpleCanalConnector.writeWithHeader(SimpleCanalConnector.java:405)
	at com.alibaba.otter.canal.client.impl.SimpleCanalConnector.writeWithHeader(SimpleCanalConnector.java:393)
	at com.alibaba.otter.canal.client.impl.SimpleCanalConnector.rollback(SimpleCanalConnector.java:374)
	... 12 common frames omitted
2025-12-17 17:39:14.157 [SpringApplicationShutdownHook] INFO  com.alibaba.druid.pool.DruidDataSource - {dataSource-1} closing ...
2025-12-17 17:39:14.161 [SpringApplicationShutdownHook] INFO  com.alibaba.druid.pool.DruidDataSource - {dataSource-1} closed
